2026-04-26 00:39:53,570 INFO org.springframework.boot.web.embedded.tomcat.GracefulShutdown [t-SpringApplicationShutdownHook:] Commencing graceful shutdown. Waiting for active requests to complete
2026-04-26 17:39:05,893 INFO org.springframework.boot.StartupInfoLogger [t-main:] Starting LblogServerApplication using Java 17.0.16 with PID 16300 (E:\workspace\java\lblog\lblog-server\target\classes started by Administrator in E:\workspace\java\lblog\lblog-server)
2026-04-26 17:39:05,901 INFO org.springframework.boot.SpringApplication [t-main:] No active profile set, falling back to 1 default profile: "default"
2026-04-26 17:39:06,965 INFO org.springframework.boot.web.embedded.tomcat.TomcatWebServer [t-main:] Tomcat initialized with port 8099 (http)
2026-04-26 17:39:06,979 INFO org.apache.juli.logging.DirectJDKLog [t-main:] Initializing ProtocolHandler ["http-nio-8099"]
2026-04-26 17:39:06,981 INFO org.apache.juli.logging.DirectJDKLog [t-main:] Starting service [Tomcat]
2026-04-26 17:39:06,981 INFO org.apache.juli.logging.DirectJDKLog [t-main:] Starting Servlet engine: [Apache Tomcat/10.1.48]
2026-04-26 17:39:07,052 INFO org.apache.juli.logging.DirectJDKLog [t-main:] Initializing Spring embedded WebApplicationContext
2026-04-26 17:39:07,053 INFO org.springframework.boot.web.servlet.context.ServletWebServerApplicationContext [t-main:] Root WebApplicationContext: initialization completed in 1108 ms
2026-04-26 17:39:07,142 INFO com.alibaba.druid.spring.boot3.autoconfigure.DruidDataSourceAutoConfigure [t-main:] Init DruidDataSource
2026-04-26 17:39:09,452 INFO com.alibaba.druid.pool.DruidDataSource [t-main:] {dataSource-1} inited
2026-04-26 17:39:09,458 INFO org.apache.juli.logging.DirectJDKLog [t-main:] Stopping service [Tomcat]
2026-04-26 17:39:09,470 INFO org.springframework.boot.autoconfigure.logging.ConditionEvaluationReportLogger [t-main:] 

Error starting ApplicationContext. To display the condition evaluation report re-run your application with 'debug' enabled.
2026-04-26 17:39:25,343 INFO org.springframework.boot.StartupInfoLogger [t-main:] Starting LblogServerApplication using Java 17.0.16 with PID 75212 (E:\workspace\java\lblog\lblog-server\target\classes started by Administrator in E:\workspace\java\lblog\lblog-server)
2026-04-26 17:39:25,347 INFO org.springframework.boot.SpringApplication [t-main:] No active profile set, falling back to 1 default profile: "default"
2026-04-26 17:39:26,210 INFO org.springframework.boot.web.embedded.tomcat.TomcatWebServer [t-main:] Tomcat initialized with port 8099 (http)
2026-04-26 17:39:26,222 INFO org.apache.juli.logging.DirectJDKLog [t-main:] Initializing ProtocolHandler ["http-nio-8099"]
2026-04-26 17:39:26,225 INFO org.apache.juli.logging.DirectJDKLog [t-main:] Starting service [Tomcat]
2026-04-26 17:39:26,225 INFO org.apache.juli.logging.DirectJDKLog [t-main:] Starting Servlet engine: [Apache Tomcat/10.1.48]
2026-04-26 17:39:26,273 INFO org.apache.juli.logging.DirectJDKLog [t-main:] Initializing Spring embedded WebApplicationContext
2026-04-26 17:39:26,274 INFO org.springframework.boot.web.servlet.context.ServletWebServerApplicationContext [t-main:] Root WebApplicationContext: initialization completed in 901 ms
2026-04-26 17:39:26,341 INFO com.alibaba.druid.spring.boot3.autoconfigure.DruidDataSourceAutoConfigure [t-main:] Init DruidDataSource
2026-04-26 17:39:26,575 INFO com.alibaba.druid.pool.DruidDataSource [t-main:] {dataSource-1} inited
2026-04-26 17:39:26,578 INFO org.apache.juli.logging.DirectJDKLog [t-main:] Stopping service [Tomcat]
2026-04-26 17:39:26,590 INFO org.springframework.boot.autoconfigure.logging.ConditionEvaluationReportLogger [t-main:] 

Error starting ApplicationContext. To display the condition evaluation report re-run your application with 'debug' enabled.
2026-04-26 17:39:26,603 INFO com.alibaba.druid.pool.DruidAbstractDataSource [t-Druid-ConnectionPool-Create-855894174:] {dataSource-1} failContinuous is true
2026-04-26 17:40:07,038 INFO org.springframework.boot.StartupInfoLogger [t-main:] Starting LblogServerApplication using Java 17.0.16 with PID 77632 (E:\workspace\java\lblog\lblog-server\target\classes started by Administrator in E:\workspace\java\lblog\lblog-server)
2026-04-26 17:40:07,042 INFO org.springframework.boot.SpringApplication [t-main:] No active profile set, falling back to 1 default profile: "default"
2026-04-26 17:40:07,907 INFO org.springframework.boot.web.embedded.tomcat.TomcatWebServer [t-main:] Tomcat initialized with port 8099 (http)
2026-04-26 17:40:07,917 INFO org.apache.juli.logging.DirectJDKLog [t-main:] Initializing ProtocolHandler ["http-nio-8099"]
2026-04-26 17:40:07,918 INFO org.apache.juli.logging.DirectJDKLog [t-main:] Starting service [Tomcat]
2026-04-26 17:40:07,918 INFO org.apache.juli.logging.DirectJDKLog [t-main:] Starting Servlet engine: [Apache Tomcat/10.1.48]
2026-04-26 17:40:07,960 INFO org.apache.juli.logging.DirectJDKLog [t-main:] Initializing Spring embedded WebApplicationContext
2026-04-26 17:40:07,961 INFO org.springframework.boot.web.servlet.context.ServletWebServerApplicationContext [t-main:] Root WebApplicationContext: initialization completed in 888 ms
2026-04-26 17:40:08,033 INFO com.alibaba.druid.spring.boot3.autoconfigure.DruidDataSourceAutoConfigure [t-main:] Init DruidDataSource
2026-04-26 17:40:08,251 INFO com.alibaba.druid.pool.DruidDataSource [t-main:] {dataSource-1} inited
2026-04-26 17:40:08,254 INFO org.apache.juli.logging.DirectJDKLog [t-main:] Stopping service [Tomcat]
2026-04-26 17:40:08,265 INFO com.alibaba.druid.pool.DruidAbstractDataSource [t-Druid-ConnectionPool-Create-1153152966:] {dataSource-1} failContinuous is true
2026-04-26 17:40:08,265 INFO org.springframework.boot.autoconfigure.logging.ConditionEvaluationReportLogger [t-main:] 

Error starting ApplicationContext. To display the condition evaluation report re-run your application with 'debug' enabled.
