[    2027ms] [LOG] [Bridge] Annotations 0 (editors:0) types: {} @ http://localhost:5173/pdfjs/web/viewer.html?file=%2Fapi%2Fv1%2Fpdf%2Ffiles%2F1%2Fdownload&disableAutoFetch=true:124
[    2443ms] [DEBUG] [vite] connecting... @ http://localhost:5173/@vite/client:826
[    2806ms] [INFO] %cDownload the React DevTools for a better development experience: https://react.dev/link/react-devtools font-weight:bold @ http://localhost:5173/node_modules/.vite/deps/client-BSgB15i-.js?v=a7a6b06a:14337
[    2970ms] [ERROR] Warning: [antd: Drawer] `width` is deprecated. Please use `size` instead. @ http://localhost:5173/@vite/client:509
[    2973ms] [ERROR] Warning: [antd: Modal] `destroyOnClose` is deprecated. Please use `destroyOnHidden` instead. @ http://localhost:5173/@vite/client:509
[    3096ms] [DEBUG] [vite] connected. @ http://localhost:5173/@vite/client:930
[    8549ms] [LOG] [Bridge] Script loaded inline @ http://localhost:5173/pdfjs/web/viewer.html?file=%2Fapi%2Fv1%2Fpdf%2Ffiles%2F1%2Fdownload&disableAutoFetch=true:50
[    8549ms] [LOG] [PDF] postMessage: bridge-loaded @ http://localhost:5173/src/components/pdf/PdfViewer.tsx?t=1780743746449:22
[    8604ms] [VERBOSE] [DOM] Password field is not contained in a form: (More info: https://goo.gl/9p2vKq) %o @ http://localhost:5173/pdfjs/web/viewer.html?file=%2Fapi%2Fv1%2Fpdf%2Ffiles%2F1%2Fdownload&disableAutoFetch=true:0
[    8987ms] [LOG] PDF d0f0da07a0da38dd52a483edd7fc225b [1.4 calibre 2.79.1 [https://calibre-ebook.com] / calibre 2.79.1 [https://calibre-ebook.com]] (PDF.js: 6.0.227 [241dbabbf]) @ http://localhost:5173/pdfjs/web/viewer.mjs:19330
[    9053ms] [LOG] [Bridge] Hooked @ http://localhost:5173/pdfjs/web/viewer.html?file=%2Fapi%2Fv1%2Fpdf%2Ffiles%2F1%2Fdownload&disableAutoFetch=true:60
[    9053ms] [LOG] [PDF] postMessage: bridge-hooked @ http://localhost:5173/src/components/pdf/PdfViewer.tsx?t=1780743746449:22
[    9053ms] [LOG] [PDF] Bridge hooked, fetching saved annotations... @ http://localhost:5173/src/components/pdf/PdfViewer.tsx?t=1780743746449:25
[   12069ms] [LOG] [Bridge] Annotations 0 (editors:0) types: {} @ http://localhost:5173/pdfjs/web/viewer.html?file=%2Fapi%2Fv1%2Fpdf%2Ffiles%2F1%2Fdownload&disableAutoFetch=true:124
[   15057ms] [LOG] [Bridge] Annotations 0 (editors:0) types: {} @ http://localhost:5173/pdfjs/web/viewer.html?file=%2Fapi%2Fv1%2Fpdf%2Ffiles%2F1%2Fdownload&disableAutoFetch=true:124
[   18062ms] [LOG] [Bridge] Annotations 0 (editors:0) types: {} @ http://localhost:5173/pdfjs/web/viewer.html?file=%2Fapi%2Fv1%2Fpdf%2Ffiles%2F1%2Fdownload&disableAutoFetch=true:124
[   21064ms] [LOG] [Bridge] Annotations 0 (editors:0) types: {} @ http://localhost:5173/pdfjs/web/viewer.html?file=%2Fapi%2Fv1%2Fpdf%2Ffiles%2F1%2Fdownload&disableAutoFetch=true:124
[   24055ms] [LOG] [Bridge] Annotations 0 (editors:0) types: {} @ http://localhost:5173/pdfjs/web/viewer.html?file=%2Fapi%2Fv1%2Fpdf%2Ffiles%2F1%2Fdownload&disableAutoFetch=true:124
[   27062ms] [LOG] [Bridge] Annotations 0 (editors:0) types: {} @ http://localhost:5173/pdfjs/web/viewer.html?file=%2Fapi%2Fv1%2Fpdf%2Ffiles%2F1%2Fdownload&disableAutoFetch=true:124
[   30056ms] [LOG] [Bridge] Annotations 0 (editors:0) types: {} @ http://localhost:5173/pdfjs/web/viewer.html?file=%2Fapi%2Fv1%2Fpdf%2Ffiles%2F1%2Fdownload&disableAutoFetch=true:124
[   33059ms] [LOG] [Bridge] Annotations 0 (editors:0) types: {} @ http://localhost:5173/pdfjs/web/viewer.html?file=%2Fapi%2Fv1%2Fpdf%2Ffiles%2F1%2Fdownload&disableAutoFetch=true:124
[   36066ms] [LOG] [Bridge] Annotations 0 (editors:0) types: {} @ http://localhost:5173/pdfjs/web/viewer.html?file=%2Fapi%2Fv1%2Fpdf%2Ffiles%2F1%2Fdownload&disableAutoFetch=true:124
[   39055ms] [LOG] [Bridge] Annotations 0 (editors:0) types: {} @ http://localhost:5173/pdfjs/web/viewer.html?file=%2Fapi%2Fv1%2Fpdf%2Ffiles%2F1%2Fdownload&disableAutoFetch=true:124
[   42059ms] [LOG] [Bridge] Annotations 0 (editors:0) types: {} @ http://localhost:5173/pdfjs/web/viewer.html?file=%2Fapi%2Fv1%2Fpdf%2Ffiles%2F1%2Fdownload&disableAutoFetch=true:124
[   45063ms] [LOG] [Bridge] Annotations 0 (editors:0) types: {} @ http://localhost:5173/pdfjs/web/viewer.html?file=%2Fapi%2Fv1%2Fpdf%2Ffiles%2F1%2Fdownload&disableAutoFetch=true:124
[   48067ms] [LOG] [Bridge] Annotations 0 (editors:0) types: {"highlight":1} @ http://localhost:5173/pdfjs/web/viewer.html?file=%2Fapi%2Fv1%2Fpdf%2Ffiles%2F1%2Fdownload&disableAutoFetch=true:124
[   51057ms] [LOG] [Bridge] Annotations 0 (editors:0) types: {"highlight":1} @ http://localhost:5173/pdfjs/web/viewer.html?file=%2Fapi%2Fv1%2Fpdf%2Ffiles%2F1%2Fdownload&disableAutoFetch=true:124
[   54059ms] [LOG] [Bridge] Annotations 0 (editors:0) types: {"highlight":1} @ http://localhost:5173/pdfjs/web/viewer.html?file=%2Fapi%2Fv1%2Fpdf%2Ffiles%2F1%2Fdownload&disableAutoFetch=true:124
[   57065ms] [LOG] [Bridge] Annotations 0 (editors:0) types: {"highlight":1} @ http://localhost:5173/pdfjs/web/viewer.html?file=%2Fapi%2Fv1%2Fpdf%2Ffiles%2F1%2Fdownload&disableAutoFetch=true:124
[   60061ms] [LOG] [Bridge] Annotations 0 (editors:0) types: {"highlight":1} @ http://localhost:5173/pdfjs/web/viewer.html?file=%2Fapi%2Fv1%2Fpdf%2Ffiles%2F1%2Fdownload&disableAutoFetch=true:124
[   63067ms] [LOG] [Bridge] Annotations 0 (editors:0) types: {"highlight":1} @ http://localhost:5173/pdfjs/web/viewer.html?file=%2Fapi%2Fv1%2Fpdf%2Ffiles%2F1%2Fdownload&disableAutoFetch=true:124
[   66066ms] [LOG] [Bridge] Annotations 0 (editors:0) types: {"highlight":1} @ http://localhost:5173/pdfjs/web/viewer.html?file=%2Fapi%2Fv1%2Fpdf%2Ffiles%2F1%2Fdownload&disableAutoFetch=true:124
[   69056ms] [LOG] [Bridge] Annotations 0 (editors:0) types: {"highlight":1} @ http://localhost:5173/pdfjs/web/viewer.html?file=%2Fapi%2Fv1%2Fpdf%2Ffiles%2F1%2Fdownload&disableAutoFetch=true:124
[   72062ms] [LOG] [Bridge] Annotations 0 (editors:0) types: {"highlight":1} @ http://localhost:5173/pdfjs/web/viewer.html?file=%2Fapi%2Fv1%2Fpdf%2Ffiles%2F1%2Fdownload&disableAutoFetch=true:124
[   75054ms] [LOG] [Bridge] Annotations 0 (editors:0) types: {"highlight":1} @ http://localhost:5173/pdfjs/web/viewer.html?file=%2Fapi%2Fv1%2Fpdf%2Ffiles%2F1%2Fdownload&disableAutoFetch=true:124
[   78069ms] [LOG] [Bridge] Annotations 0 (editors:0) types: {"highlight":1} @ http://localhost:5173/pdfjs/web/viewer.html?file=%2Fapi%2Fv1%2Fpdf%2Ffiles%2F1%2Fdownload&disableAutoFetch=true:124
[   81057ms] [LOG] [Bridge] Annotations 0 (editors:0) types: {"highlight":1} @ http://localhost:5173/pdfjs/web/viewer.html?file=%2Fapi%2Fv1%2Fpdf%2Ffiles%2F1%2Fdownload&disableAutoFetch=true:124
[   84068ms] [LOG] [Bridge] Annotations 0 (editors:0) types: {"highlight":1} @ http://localhost:5173/pdfjs/web/viewer.html?file=%2Fapi%2Fv1%2Fpdf%2Ffiles%2F1%2Fdownload&disableAutoFetch=true:124
[   86503ms] [LOG] [PDF] postMessage: pdf-page-change @ http://localhost:5173/src/components/pdf/PdfViewer.tsx?t=1780743746449:22
[   86886ms] [LOG] [PDF] postMessage: pdf-page-change @ http://localhost:5173/src/components/pdf/PdfViewer.tsx?t=1780743746449:22
[   87059ms] [LOG] [Bridge] Annotations 0 (editors:0) types: {"highlight":1} @ http://localhost:5173/pdfjs/web/viewer.html?file=%2Fapi%2Fv1%2Fpdf%2Ffiles%2F1%2Fdownload&disableAutoFetch=true:124
[   90054ms] [LOG] [Bridge] Annotations 0 (editors:0) types: {"highlight":1} @ http://localhost:5173/pdfjs/web/viewer.html?file=%2Fapi%2Fv1%2Fpdf%2Ffiles%2F1%2Fdownload&disableAutoFetch=true:124
[   93062ms] [LOG] [Bridge] Annotations 1 (editors:1) types: {"highlight":2} @ http://localhost:5173/pdfjs/web/viewer.html?file=%2Fapi%2Fv1%2Fpdf%2Ffiles%2F1%2Fdownload&disableAutoFetch=true:124
[   93062ms] [LOG] [Bridge] Sending 1 annotations @ http://localhost:5173/pdfjs/web/viewer.html?file=%2Fapi%2Fv1%2Fpdf%2Ffiles%2F1%2Fdownload&disableAutoFetch=true:128
[   93062ms] [LOG] [PDF] postMessage: pdf-annotations @ http://localhost:5173/src/components/pdf/PdfViewer.tsx?t=1780743746449:22
[   93062ms] [LOG] [PDF] Saving annotations to backend... @ http://localhost:5173/src/components/pdf/PdfViewer.tsx?t=1780743746449:47
[   96069ms] [LOG] [Bridge] Annotations 1 (editors:1) types: {"highlight":2} @ http://localhost:5173/pdfjs/web/viewer.html?file=%2Fapi%2Fv1%2Fpdf%2Ffiles%2F1%2Fdownload&disableAutoFetch=true:124
[   99063ms] [LOG] [Bridge] Annotations 1 (editors:1) types: {"highlight":2} @ http://localhost:5173/pdfjs/web/viewer.html?file=%2Fapi%2Fv1%2Fpdf%2Ffiles%2F1%2Fdownload&disableAutoFetch=true:124
[  102068ms] [LOG] [Bridge] Annotations 1 (editors:1) types: {"highlight":2} @ http://localhost:5173/pdfjs/web/viewer.html?file=%2Fapi%2Fv1%2Fpdf%2Ffiles%2F1%2Fdownload&disableAutoFetch=true:124
[  105069ms] [LOG] [Bridge] Annotations 1 (editors:1) types: {"highlight":2} @ http://localhost:5173/pdfjs/web/viewer.html?file=%2Fapi%2Fv1%2Fpdf%2Ffiles%2F1%2Fdownload&disableAutoFetch=true:124
[  108061ms] [LOG] [Bridge] Annotations 1 (editors:1) types: {"highlight":2} @ http://localhost:5173/pdfjs/web/viewer.html?file=%2Fapi%2Fv1%2Fpdf%2Ffiles%2F1%2Fdownload&disableAutoFetch=true:124
[  111066ms] [LOG] [Bridge] Annotations 1 (editors:1) types: {"highlight":2} @ http://localhost:5173/pdfjs/web/viewer.html?file=%2Fapi%2Fv1%2Fpdf%2Ffiles%2F1%2Fdownload&disableAutoFetch=true:124
[  114055ms] [LOG] [Bridge] Annotations 1 (editors:1) types: {"highlight":2} @ http://localhost:5173/pdfjs/web/viewer.html?file=%2Fapi%2Fv1%2Fpdf%2Ffiles%2F1%2Fdownload&disableAutoFetch=true:124
[  117058ms] [LOG] [Bridge] Annotations 1 (editors:1) types: {"highlight":2} @ http://localhost:5173/pdfjs/web/viewer.html?file=%2Fapi%2Fv1%2Fpdf%2Ffiles%2F1%2Fdownload&disableAutoFetch=true:124
[  120059ms] [LOG] [Bridge] Annotations 1 (editors:1) types: {"highlight":2} @ http://localhost:5173/pdfjs/web/viewer.html?file=%2Fapi%2Fv1%2Fpdf%2Ffiles%2F1%2Fdownload&disableAutoFetch=true:124
[  123059ms] [LOG] [Bridge] Annotations 1 (editors:1) types: {"highlight":2} @ http://localhost:5173/pdfjs/web/viewer.html?file=%2Fapi%2Fv1%2Fpdf%2Ffiles%2F1%2Fdownload&disableAutoFetch=true:124
[  126062ms] [LOG] [Bridge] Annotations 1 (editors:1) types: {"highlight":2} @ http://localhost:5173/pdfjs/web/viewer.html?file=%2Fapi%2Fv1%2Fpdf%2Ffiles%2F1%2Fdownload&disableAutoFetch=true:124
[  129066ms] [LOG] [Bridge] Annotations 1 (editors:1) types: {"highlight":2} @ http://localhost:5173/pdfjs/web/viewer.html?file=%2Fapi%2Fv1%2Fpdf%2Ffiles%2F1%2Fdownload&disableAutoFetch=true:124
[  132056ms] [LOG] [Bridge] Annotations 1 (editors:1) types: {"highlight":2} @ http://localhost:5173/pdfjs/web/viewer.html?file=%2Fapi%2Fv1%2Fpdf%2Ffiles%2F1%2Fdownload&disableAutoFetch=true:124
[  135054ms] [LOG] [Bridge] Annotations 1 (editors:1) types: {"highlight":2} @ http://localhost:5173/pdfjs/web/viewer.html?file=%2Fapi%2Fv1%2Fpdf%2Ffiles%2F1%2Fdownload&disableAutoFetch=true:124
[  138061ms] [LOG] [Bridge] Annotations 1 (editors:1) types: {"highlight":2} @ http://localhost:5173/pdfjs/web/viewer.html?file=%2Fapi%2Fv1%2Fpdf%2Ffiles%2F1%2Fdownload&disableAutoFetch=true:124
[  141065ms] [LOG] [Bridge] Annotations 1 (editors:1) types: {"highlight":2} @ http://localhost:5173/pdfjs/web/viewer.html?file=%2Fapi%2Fv1%2Fpdf%2Ffiles%2F1%2Fdownload&disableAutoFetch=true:124
[  144055ms] [LOG] [Bridge] Annotations 1 (editors:1) types: {"highlight":2} @ http://localhost:5173/pdfjs/web/viewer.html?file=%2Fapi%2Fv1%2Fpdf%2Ffiles%2F1%2Fdownload&disableAutoFetch=true:124
[  147063ms] [LOG] [Bridge] Annotations 1 (editors:1) types: {"highlight":2} @ http://localhost:5173/pdfjs/web/viewer.html?file=%2Fapi%2Fv1%2Fpdf%2Ffiles%2F1%2Fdownload&disableAutoFetch=true:124
[  150064ms] [LOG] [Bridge] Annotations 1 (editors:1) types: {"highlight":2} @ http://localhost:5173/pdfjs/web/viewer.html?file=%2Fapi%2Fv1%2Fpdf%2Ffiles%2F1%2Fdownload&disableAutoFetch=true:124
[  153065ms] [LOG] [Bridge] Annotations 1 (editors:1) types: {"highlight":2} @ http://localhost:5173/pdfjs/web/viewer.html?file=%2Fapi%2Fv1%2Fpdf%2Ffiles%2F1%2Fdownload&disableAutoFetch=true:124
[  156064ms] [LOG] [Bridge] Annotations 1 (editors:1) types: {"highlight":2} @ http://localhost:5173/pdfjs/web/viewer.html?file=%2Fapi%2Fv1%2Fpdf%2Ffiles%2F1%2Fdownload&disableAutoFetch=true:124
[  159064ms] [LOG] [Bridge] Annotations 1 (editors:1) types: {"highlight":2} @ http://localhost:5173/pdfjs/web/viewer.html?file=%2Fapi%2Fv1%2Fpdf%2Ffiles%2F1%2Fdownload&disableAutoFetch=true:124
[  162055ms] [LOG] [Bridge] Annotations 1 (editors:1) types: {"highlight":2} @ http://localhost:5173/pdfjs/web/viewer.html?file=%2Fapi%2Fv1%2Fpdf%2Ffiles%2F1%2Fdownload&disableAutoFetch=true:124
[  165056ms] [LOG] [Bridge] Annotations 1 (editors:1) types: {"highlight":2} @ http://localhost:5173/pdfjs/web/viewer.html?file=%2Fapi%2Fv1%2Fpdf%2Ffiles%2F1%2Fdownload&disableAutoFetch=true:124
[  168054ms] [LOG] [Bridge] Annotations 2 (editors:2) types: {"highlight":3} @ http://localhost:5173/pdfjs/web/viewer.html?file=%2Fapi%2Fv1%2Fpdf%2Ffiles%2F1%2Fdownload&disableAutoFetch=true:124
[  168054ms] [LOG] [Bridge] Sending 2 annotations @ http://localhost:5173/pdfjs/web/viewer.html?file=%2Fapi%2Fv1%2Fpdf%2Ffiles%2F1%2Fdownload&disableAutoFetch=true:128
[  168054ms] [LOG] [PDF] postMessage: pdf-annotations @ http://localhost:5173/src/components/pdf/PdfViewer.tsx?t=1780743746449:22
[  168054ms] [LOG] [PDF] Saving annotations to backend... @ http://localhost:5173/src/components/pdf/PdfViewer.tsx?t=1780743746449:47
[  171062ms] [LOG] [Bridge] Annotations 5 (editors:5) types: {"highlight":6} @ http://localhost:5173/pdfjs/web/viewer.html?file=%2Fapi%2Fv1%2Fpdf%2Ffiles%2F1%2Fdownload&disableAutoFetch=true:124
[  171062ms] [LOG] [Bridge] Sending 5 annotations @ http://localhost:5173/pdfjs/web/viewer.html?file=%2Fapi%2Fv1%2Fpdf%2Ffiles%2F1%2Fdownload&disableAutoFetch=true:128
[  171063ms] [LOG] [PDF] postMessage: pdf-annotations @ http://localhost:5173/src/components/pdf/PdfViewer.tsx?t=1780743746449:22
[  171063ms] [LOG] [PDF] Saving annotations to backend... @ http://localhost:5173/src/components/pdf/PdfViewer.tsx?t=1780743746449:47
[  174056ms] [LOG] [Bridge] Annotations 6 (editors:6) types: {"highlight":6,"freetext":1} @ http://localhost:5173/pdfjs/web/viewer.html?file=%2Fapi%2Fv1%2Fpdf%2Ffiles%2F1%2Fdownload&disableAutoFetch=true:124
[  174056ms] [LOG] [Bridge] Sending 6 annotations @ http://localhost:5173/pdfjs/web/viewer.html?file=%2Fapi%2Fv1%2Fpdf%2Ffiles%2F1%2Fdownload&disableAutoFetch=true:128
[  174057ms] [LOG] [PDF] postMessage: pdf-annotations @ http://localhost:5173/src/components/pdf/PdfViewer.tsx?t=1780743746449:22
[  174057ms] [LOG] [PDF] Saving annotations to backend... @ http://localhost:5173/src/components/pdf/PdfViewer.tsx?t=1780743746449:47
[  177056ms] [LOG] [Bridge] Annotations 6 (editors:6) types: {"highlight":6,"freetext":1} @ http://localhost:5173/pdfjs/web/viewer.html?file=%2Fapi%2Fv1%2Fpdf%2Ffiles%2F1%2Fdownload&disableAutoFetch=true:124
[  180064ms] [LOG] [Bridge] Annotations 6 (editors:6) types: {"highlight":6,"freetext":1} @ http://localhost:5173/pdfjs/web/viewer.html?file=%2Fapi%2Fv1%2Fpdf%2Ffiles%2F1%2Fdownload&disableAutoFetch=true:124
[  183055ms] [LOG] [Bridge] Annotations 6 (editors:6) types: {"highlight":6,"freetext":1} @ http://localhost:5173/pdfjs/web/viewer.html?file=%2Fapi%2Fv1%2Fpdf%2Ffiles%2F1%2Fdownload&disableAutoFetch=true:124
[  186061ms] [LOG] [Bridge] Annotations 6 (editors:6) types: {"highlight":6,"freetext":1} @ http://localhost:5173/pdfjs/web/viewer.html?file=%2Fapi%2Fv1%2Fpdf%2Ffiles%2F1%2Fdownload&disableAutoFetch=true:124
[  189057ms] [LOG] [Bridge] Annotations 6 (editors:6) types: {"highlight":6,"freetext":1} @ http://localhost:5173/pdfjs/web/viewer.html?file=%2Fapi%2Fv1%2Fpdf%2Ffiles%2F1%2Fdownload&disableAutoFetch=true:124
[  192057ms] [LOG] [Bridge] Annotations 6 (editors:6) types: {"highlight":6,"freetext":1} @ http://localhost:5173/pdfjs/web/viewer.html?file=%2Fapi%2Fv1%2Fpdf%2Ffiles%2F1%2Fdownload&disableAutoFetch=true:124
[  194086ms] [DEBUG] [vite] connecting... @ http://localhost:5173/@vite/client:826
[  194563ms] [INFO] %cDownload the React DevTools for a better development experience: https://react.dev/link/react-devtools font-weight:bold @ http://localhost:5173/node_modules/.vite/deps/client-BSgB15i-.js?v=a7a6b06a:14337
[  194702ms] [ERROR] Warning: [antd: Drawer] `width` is deprecated. Please use `size` instead. @ http://localhost:5173/@vite/client:509
[  194704ms] [ERROR] Warning: [antd: Modal] `destroyOnClose` is deprecated. Please use `destroyOnHidden` instead. @ http://localhost:5173/@vite/client:509
[  194797ms] [DEBUG] [vite] connected. @ http://localhost:5173/@vite/client:930
[  195953ms] [LOG] [Bridge] Script loaded inline @ http://localhost:5173/pdfjs/web/viewer.html?file=%2Fapi%2Fv1%2Fpdf%2Ffiles%2F1%2Fdownload&disableAutoFetch=true:50
[  195953ms] [LOG] [PDF] postMessage: bridge-loaded @ http://localhost:5173/src/components/pdf/PdfViewer.tsx?t=1780743746449:22
[  196011ms] [VERBOSE] [DOM] Password field is not contained in a form: (More info: https://goo.gl/9p2vKq) %o @ http://localhost:5173/pdfjs/web/viewer.html?file=%2Fapi%2Fv1%2Fpdf%2Ffiles%2F1%2Fdownload&disableAutoFetch=true:0
[  196328ms] [LOG] PDF d0f0da07a0da38dd52a483edd7fc225b [1.4 calibre 2.79.1 [https://calibre-ebook.com] / calibre 2.79.1 [https://calibre-ebook.com]] (PDF.js: 6.0.227 [241dbabbf]) @ http://localhost:5173/pdfjs/web/viewer.mjs:19330
[  196453ms] [LOG] [Bridge] Hooked @ http://localhost:5173/pdfjs/web/viewer.html?file=%2Fapi%2Fv1%2Fpdf%2Ffiles%2F1%2Fdownload&disableAutoFetch=true:60
[  196453ms] [LOG] [PDF] postMessage: bridge-hooked @ http://localhost:5173/src/components/pdf/PdfViewer.tsx?t=1780743746449:22
[  196453ms] [LOG] [PDF] Bridge hooked, fetching saved annotations... @ http://localhost:5173/src/components/pdf/PdfViewer.tsx?t=1780743746449:25
[  196492ms] [LOG] [PDF] Restoring 6 annotations @ http://localhost:5173/src/components/pdf/PdfViewer.tsx?t=1780743746449:31
[  196495ms] [LOG] [Bridge] Restoring 6 annotations @ http://localhost:5173/pdfjs/web/viewer.html?file=%2Fapi%2Fv1%2Fpdf%2Ffiles%2F1%2Fdownload&disableAutoFetch=true:67
[  196495ms] [LOG] [Bridge] Restored 0 annotations @ http://localhost:5173/pdfjs/web/viewer.html?file=%2Fapi%2Fv1%2Fpdf%2Ffiles%2F1%2Fdownload&disableAutoFetch=true:84
[  199454ms] [LOG] [Bridge] Annotations 0 (editors:0) types: {} @ http://localhost:5173/pdfjs/web/viewer.html?file=%2Fapi%2Fv1%2Fpdf%2Ffiles%2F1%2Fdownload&disableAutoFetch=true:124
[  202459ms] [LOG] [Bridge] Annotations 0 (editors:0) types: {} @ http://localhost:5173/pdfjs/web/viewer.html?file=%2Fapi%2Fv1%2Fpdf%2Ffiles%2F1%2Fdownload&disableAutoFetch=true:124
[  205463ms] [LOG] [Bridge] Annotations 0 (editors:0) types: {} @ http://localhost:5173/pdfjs/web/viewer.html?file=%2Fapi%2Fv1%2Fpdf%2Ffiles%2F1%2Fdownload&disableAutoFetch=true:124
[  208468ms] [LOG] [Bridge] Annotations 0 (editors:0) types: {} @ http://localhost:5173/pdfjs/web/viewer.html?file=%2Fapi%2Fv1%2Fpdf%2Ffiles%2F1%2Fdownload&disableAutoFetch=true:124
[  211458ms] [LOG] [Bridge] Annotations 0 (editors:0) types: {} @ http://localhost:5173/pdfjs/web/viewer.html?file=%2Fapi%2Fv1%2Fpdf%2Ffiles%2F1%2Fdownload&disableAutoFetch=true:124
[  214463ms] [LOG] [Bridge] Annotations 0 (editors:0) types: {} @ http://localhost:5173/pdfjs/web/viewer.html?file=%2Fapi%2Fv1%2Fpdf%2Ffiles%2F1%2Fdownload&disableAutoFetch=true:124
[  217467ms] [LOG] [Bridge] Annotations 0 (editors:0) types: {} @ http://localhost:5173/pdfjs/web/viewer.html?file=%2Fapi%2Fv1%2Fpdf%2Ffiles%2F1%2Fdownload&disableAutoFetch=true:124
[  220454ms] [LOG] [Bridge] Annotations 0 (editors:0) types: {} @ http://localhost:5173/pdfjs/web/viewer.html?file=%2Fapi%2Fv1%2Fpdf%2Ffiles%2F1%2Fdownload&disableAutoFetch=true:124
[  223457ms] [LOG] [Bridge] Annotations 0 (editors:0) types: {} @ http://localhost:5173/pdfjs/web/viewer.html?file=%2Fapi%2Fv1%2Fpdf%2Ffiles%2F1%2Fdownload&disableAutoFetch=true:124
[  226457ms] [LOG] [Bridge] Annotations 0 (editors:0) types: {} @ http://localhost:5173/pdfjs/web/viewer.html?file=%2Fapi%2Fv1%2Fpdf%2Ffiles%2F1%2Fdownload&disableAutoFetch=true:124
[  229456ms] [LOG] [Bridge] Annotations 0 (editors:0) types: {} @ http://localhost:5173/pdfjs/web/viewer.html?file=%2Fapi%2Fv1%2Fpdf%2Ffiles%2F1%2Fdownload&disableAutoFetch=true:124
[  232455ms] [LOG] [Bridge] Annotations 0 (editors:0) types: {} @ http://localhost:5173/pdfjs/web/viewer.html?file=%2Fapi%2Fv1%2Fpdf%2Ffiles%2F1%2Fdownload&disableAutoFetch=true:124
[  235467ms] [LOG] [Bridge] Annotations 0 (editors:0) types: {} @ http://localhost:5173/pdfjs/web/viewer.html?file=%2Fapi%2Fv1%2Fpdf%2Ffiles%2F1%2Fdownload&disableAutoFetch=true:124
[  238462ms] [LOG] [Bridge] Annotations 0 (editors:0) types: {} @ http://localhost:5173/pdfjs/web/viewer.html?file=%2Fapi%2Fv1%2Fpdf%2Ffiles%2F1%2Fdownload&disableAutoFetch=true:124
[  241455ms] [LOG] [Bridge] Annotations 0 (editors:0) types: {} @ http://localhost:5173/pdfjs/web/viewer.html?file=%2Fapi%2Fv1%2Fpdf%2Ffiles%2F1%2Fdownload&disableAutoFetch=true:124
[  244461ms] [LOG] [Bridge] Annotations 0 (editors:0) types: {} @ http://localhost:5173/pdfjs/web/viewer.html?file=%2Fapi%2Fv1%2Fpdf%2Ffiles%2F1%2Fdownload&disableAutoFetch=true:124
