[   37325ms] [LOG] [Bridge] Annotations 2 (editors:0 docStorage:2) types: {} @ http://localhost:5173/pdfjs/web/viewer.html?file=%2Fapi%2Fv1%2Fpdf%2Ffiles%2F1%2Fdownload&disableAutoFetch=true:149
[   37506ms] [DEBUG] [vite] connecting... @ http://localhost:5173/@vite/client:826
[   37786ms] [INFO] %cDownload the React DevTools for a better development experience: https://react.dev/link/react-devtools font-weight:bold @ http://localhost:5173/node_modules/.vite/deps/client-BSgB15i-.js?v=a7a6b06a:14337
[   37997ms] [ERROR] Warning: [antd: Drawer] `width` is deprecated. Please use `size` instead. @ http://localhost:5173/@vite/client:509
[   37999ms] [ERROR] Warning: [antd: Modal] `destroyOnClose` is deprecated. Please use `destroyOnHidden` instead. @ http://localhost:5173/@vite/client:509
[   38109ms] [DEBUG] [vite] connected. @ http://localhost:5173/@vite/client:930
[   56772ms] [LOG] [Bridge] Script loaded inline @ http://localhost:5173/pdfjs/web/viewer.html?file=%2Fapi%2Fv1%2Fpdf%2Ffiles%2F1%2Fdownload&disableAutoFetch=true:50
[   56773ms] [LOG] [PDF] postMessage: bridge-loaded @ http://localhost:5173/src/components/pdf/PdfViewer.tsx?t=1780743746449:22
[   56837ms] [VERBOSE] [DOM] Password field is not contained in a form: (More info: https://goo.gl/9p2vKq) %o @ http://localhost:5173/pdfjs/web/viewer.html?file=%2Fapi%2Fv1%2Fpdf%2Ffiles%2F1%2Fdownload&disableAutoFetch=true:0
[   57179ms] [LOG] PDF d0f0da07a0da38dd52a483edd7fc225b [1.4 calibre 2.79.1 [https://calibre-ebook.com] / calibre 2.79.1 [https://calibre-ebook.com]] (PDF.js: 6.0.227 [241dbabbf]) @ http://localhost:5173/pdfjs/web/viewer.mjs:19330
[   57283ms] [LOG] [Bridge] Hooked @ http://localhost:5173/pdfjs/web/viewer.html?file=%2Fapi%2Fv1%2Fpdf%2Ffiles%2F1%2Fdownload&disableAutoFetch=true:60
[   57283ms] [LOG] [PDF] postMessage: bridge-hooked @ http://localhost:5173/src/components/pdf/PdfViewer.tsx?t=1780743746449:22
[   57283ms] [LOG] [PDF] Bridge hooked, fetching saved annotations... @ http://localhost:5173/src/components/pdf/PdfViewer.tsx?t=1780743746449:25
[   57295ms] [LOG] [PDF] Restoring 2 annotations @ http://localhost:5173/src/components/pdf/PdfViewer.tsx?t=1780743746449:31
[   57296ms] [LOG] [Bridge] Restoring annotations: 2 items @ http://localhost:5173/pdfjs/web/viewer.html?file=%2Fapi%2Fv1%2Fpdf%2Ffiles%2F1%2Fdownload&disableAutoFetch=true:66
[   57296ms] [LOG] [Bridge] Restored 2 annotations @ http://localhost:5173/pdfjs/web/viewer.html?file=%2Fapi%2Fv1%2Fpdf%2Ffiles%2F1%2Fdownload&disableAutoFetch=true:95
[   57906ms] [LOG] [PDF] postMessage: pdf-page-change @ http://localhost:5173/src/components/pdf/PdfViewer.tsx?t=1780743746449:22
[   60287ms] [LOG] [Bridge] Annotations 2 (editors:0 docStorage:2) types: {} @ http://localhost:5173/pdfjs/web/viewer.html?file=%2Fapi%2Fv1%2Fpdf%2Ffiles%2F1%2Fdownload&disableAutoFetch=true:149
[   60287ms] [LOG] [Bridge] Sending 2 annotations @ http://localhost:5173/pdfjs/web/viewer.html?file=%2Fapi%2Fv1%2Fpdf%2Ffiles%2F1%2Fdownload&disableAutoFetch=true:153
[   60287ms] [LOG] [PDF] postMessage: pdf-annotations @ http://localhost:5173/src/components/pdf/PdfViewer.tsx?t=1780743746449:22
[   60287ms] [LOG] [PDF] Saving annotations to backend... @ http://localhost:5173/src/components/pdf/PdfViewer.tsx?t=1780743746449:47
[   63285ms] [LOG] [Bridge] Annotations 2 (editors:0 docStorage:2) types: {} @ http://localhost:5173/pdfjs/web/viewer.html?file=%2Fapi%2Fv1%2Fpdf%2Ffiles%2F1%2Fdownload&disableAutoFetch=true:149
[   66290ms] [LOG] [Bridge] Annotations 2 (editors:0 docStorage:2) types: {} @ http://localhost:5173/pdfjs/web/viewer.html?file=%2Fapi%2Fv1%2Fpdf%2Ffiles%2F1%2Fdownload&disableAutoFetch=true:149
[   69298ms] [LOG] [Bridge] Annotations 2 (editors:0 docStorage:2) types: {} @ http://localhost:5173/pdfjs/web/viewer.html?file=%2Fapi%2Fv1%2Fpdf%2Ffiles%2F1%2Fdownload&disableAutoFetch=true:149
[   72288ms] [LOG] [Bridge] Annotations 2 (editors:0 docStorage:2) types: {} @ http://localhost:5173/pdfjs/web/viewer.html?file=%2Fapi%2Fv1%2Fpdf%2Ffiles%2F1%2Fdownload&disableAutoFetch=true:149
[   75290ms] [LOG] [Bridge] Annotations 2 (editors:0 docStorage:2) types: {} @ http://localhost:5173/pdfjs/web/viewer.html?file=%2Fapi%2Fv1%2Fpdf%2Ffiles%2F1%2Fdownload&disableAutoFetch=true:149
[   78291ms] [LOG] [Bridge] Annotations 2 (editors:0 docStorage:2) types: {} @ http://localhost:5173/pdfjs/web/viewer.html?file=%2Fapi%2Fv1%2Fpdf%2Ffiles%2F1%2Fdownload&disableAutoFetch=true:149
[   81284ms] [LOG] [Bridge] Annotations 2 (editors:0 docStorage:2) types: {} @ http://localhost:5173/pdfjs/web/viewer.html?file=%2Fapi%2Fv1%2Fpdf%2Ffiles%2F1%2Fdownload&disableAutoFetch=true:149
[   84287ms] [LOG] [Bridge] Annotations 2 (editors:0 docStorage:2) types: {} @ http://localhost:5173/pdfjs/web/viewer.html?file=%2Fapi%2Fv1%2Fpdf%2Ffiles%2F1%2Fdownload&disableAutoFetch=true:149
[   87290ms] [LOG] [Bridge] Annotations 2 (editors:0 docStorage:2) types: {} @ http://localhost:5173/pdfjs/web/viewer.html?file=%2Fapi%2Fv1%2Fpdf%2Ffiles%2F1%2Fdownload&disableAutoFetch=true:149
[   90296ms] [LOG] [Bridge] Annotations 2 (editors:0 docStorage:2) types: {} @ http://localhost:5173/pdfjs/web/viewer.html?file=%2Fapi%2Fv1%2Fpdf%2Ffiles%2F1%2Fdownload&disableAutoFetch=true:149
[   93298ms] [LOG] [Bridge] Annotations 2 (editors:0 docStorage:2) types: {} @ http://localhost:5173/pdfjs/web/viewer.html?file=%2Fapi%2Fv1%2Fpdf%2Ffiles%2F1%2Fdownload&disableAutoFetch=true:149
[   96299ms] [LOG] [Bridge] Annotations 2 (editors:0 docStorage:2) types: {} @ http://localhost:5173/pdfjs/web/viewer.html?file=%2Fapi%2Fv1%2Fpdf%2Ffiles%2F1%2Fdownload&disableAutoFetch=true:149
[   99287ms] [LOG] [Bridge] Annotations 2 (editors:0 docStorage:2) types: {} @ http://localhost:5173/pdfjs/web/viewer.html?file=%2Fapi%2Fv1%2Fpdf%2Ffiles%2F1%2Fdownload&disableAutoFetch=true:149
[  102288ms] [LOG] [Bridge] Annotations 2 (editors:0 docStorage:2) types: {} @ http://localhost:5173/pdfjs/web/viewer.html?file=%2Fapi%2Fv1%2Fpdf%2Ffiles%2F1%2Fdownload&disableAutoFetch=true:149
[  105295ms] [LOG] [Bridge] Annotations 2 (editors:0 docStorage:2) types: {} @ http://localhost:5173/pdfjs/web/viewer.html?file=%2Fapi%2Fv1%2Fpdf%2Ffiles%2F1%2Fdownload&disableAutoFetch=true:149
[  108300ms] [LOG] [Bridge] Annotations 2 (editors:0 docStorage:2) types: {} @ http://localhost:5173/pdfjs/web/viewer.html?file=%2Fapi%2Fv1%2Fpdf%2Ffiles%2F1%2Fdownload&disableAutoFetch=true:149
[  111291ms] [LOG] [Bridge] Annotations 2 (editors:0 docStorage:2) types: {} @ http://localhost:5173/pdfjs/web/viewer.html?file=%2Fapi%2Fv1%2Fpdf%2Ffiles%2F1%2Fdownload&disableAutoFetch=true:149
[  114293ms] [LOG] [Bridge] Annotations 2 (editors:0 docStorage:2) types: {} @ http://localhost:5173/pdfjs/web/viewer.html?file=%2Fapi%2Fv1%2Fpdf%2Ffiles%2F1%2Fdownload&disableAutoFetch=true:149
[  117286ms] [LOG] [Bridge] Annotations 2 (editors:0 docStorage:2) types: {} @ http://localhost:5173/pdfjs/web/viewer.html?file=%2Fapi%2Fv1%2Fpdf%2Ffiles%2F1%2Fdownload&disableAutoFetch=true:149
[  120293ms] [LOG] [Bridge] Annotations 2 (editors:0 docStorage:2) types: {} @ http://localhost:5173/pdfjs/web/viewer.html?file=%2Fapi%2Fv1%2Fpdf%2Ffiles%2F1%2Fdownload&disableAutoFetch=true:149
[  123297ms] [LOG] [Bridge] Annotations 2 (editors:0 docStorage:2) types: {} @ http://localhost:5173/pdfjs/web/viewer.html?file=%2Fapi%2Fv1%2Fpdf%2Ffiles%2F1%2Fdownload&disableAutoFetch=true:149
[  126287ms] [LOG] [Bridge] Annotations 2 (editors:0 docStorage:2) types: {} @ http://localhost:5173/pdfjs/web/viewer.html?file=%2Fapi%2Fv1%2Fpdf%2Ffiles%2F1%2Fdownload&disableAutoFetch=true:149
[  127163ms] [LOG] [PDF] postMessage: pdf-page-change @ http://localhost:5173/src/components/pdf/PdfViewer.tsx?t=1780743746449:22
[  127386ms] [LOG] [PDF] postMessage: pdf-page-change @ http://localhost:5173/src/components/pdf/PdfViewer.tsx?t=1780743746449:22
[  127969ms] [LOG] [PDF] postMessage: pdf-page-change @ http://localhost:5173/src/components/pdf/PdfViewer.tsx?t=1780743746449:22
[  128737ms] [LOG] [PDF] postMessage: pdf-page-change @ http://localhost:5173/src/components/pdf/PdfViewer.tsx?t=1780743746449:22
[  129285ms] [LOG] [Bridge] Annotations 2 (editors:0 docStorage:2) types: {} @ http://localhost:5173/pdfjs/web/viewer.html?file=%2Fapi%2Fv1%2Fpdf%2Ffiles%2F1%2Fdownload&disableAutoFetch=true:149
[  132295ms] [LOG] [Bridge] Annotations 2 (editors:0 docStorage:2) types: {} @ http://localhost:5173/pdfjs/web/viewer.html?file=%2Fapi%2Fv1%2Fpdf%2Ffiles%2F1%2Fdownload&disableAutoFetch=true:149
[  135285ms] [LOG] [Bridge] Annotations 2 (editors:0 docStorage:2) types: {} @ http://localhost:5173/pdfjs/web/viewer.html?file=%2Fapi%2Fv1%2Fpdf%2Ffiles%2F1%2Fdownload&disableAutoFetch=true:149
[  138289ms] [LOG] [Bridge] Annotations 2 (editors:0 docStorage:2) types: {} @ http://localhost:5173/pdfjs/web/viewer.html?file=%2Fapi%2Fv1%2Fpdf%2Ffiles%2F1%2Fdownload&disableAutoFetch=true:149
[  141293ms] [LOG] [Bridge] Annotations 2 (editors:0 docStorage:2) types: {} @ http://localhost:5173/pdfjs/web/viewer.html?file=%2Fapi%2Fv1%2Fpdf%2Ffiles%2F1%2Fdownload&disableAutoFetch=true:149
[  144288ms] [LOG] [Bridge] Annotations 2 (editors:0 docStorage:2) types: {} @ http://localhost:5173/pdfjs/web/viewer.html?file=%2Fapi%2Fv1%2Fpdf%2Ffiles%2F1%2Fdownload&disableAutoFetch=true:149
[  147290ms] [LOG] [Bridge] Annotations 2 (editors:0 docStorage:2) types: {} @ http://localhost:5173/pdfjs/web/viewer.html?file=%2Fapi%2Fv1%2Fpdf%2Ffiles%2F1%2Fdownload&disableAutoFetch=true:149
[  150296ms] [LOG] [Bridge] Annotations 2 (editors:0 docStorage:2) types: {} @ http://localhost:5173/pdfjs/web/viewer.html?file=%2Fapi%2Fv1%2Fpdf%2Ffiles%2F1%2Fdownload&disableAutoFetch=true:149
[  153286ms] [LOG] [Bridge] Annotations 2 (editors:0 docStorage:2) types: {} @ http://localhost:5173/pdfjs/web/viewer.html?file=%2Fapi%2Fv1%2Fpdf%2Ffiles%2F1%2Fdownload&disableAutoFetch=true:149
[  156290ms] [LOG] [Bridge] Annotations 2 (editors:0 docStorage:2) types: {} @ http://localhost:5173/pdfjs/web/viewer.html?file=%2Fapi%2Fv1%2Fpdf%2Ffiles%2F1%2Fdownload&disableAutoFetch=true:149
[  159291ms] [LOG] [Bridge] Annotations 2 (editors:0 docStorage:2) types: {} @ http://localhost:5173/pdfjs/web/viewer.html?file=%2Fapi%2Fv1%2Fpdf%2Ffiles%2F1%2Fdownload&disableAutoFetch=true:149
[  162285ms] [LOG] [Bridge] Annotations 2 (editors:0 docStorage:2) types: {} @ http://localhost:5173/pdfjs/web/viewer.html?file=%2Fapi%2Fv1%2Fpdf%2Ffiles%2F1%2Fdownload&disableAutoFetch=true:149
[  165284ms] [LOG] [Bridge] Annotations 2 (editors:0 docStorage:2) types: {} @ http://localhost:5173/pdfjs/web/viewer.html?file=%2Fapi%2Fv1%2Fpdf%2Ffiles%2F1%2Fdownload&disableAutoFetch=true:149
[  168284ms] [LOG] [Bridge] Annotations 2 (editors:0 docStorage:2) types: {} @ http://localhost:5173/pdfjs/web/viewer.html?file=%2Fapi%2Fv1%2Fpdf%2Ffiles%2F1%2Fdownload&disableAutoFetch=true:149
[  171288ms] [LOG] [Bridge] Annotations 2 (editors:0 docStorage:2) types: {} @ http://localhost:5173/pdfjs/web/viewer.html?file=%2Fapi%2Fv1%2Fpdf%2Ffiles%2F1%2Fdownload&disableAutoFetch=true:149
[  174294ms] [LOG] [Bridge] Annotations 2 (editors:0 docStorage:2) types: {} @ http://localhost:5173/pdfjs/web/viewer.html?file=%2Fapi%2Fv1%2Fpdf%2Ffiles%2F1%2Fdownload&disableAutoFetch=true:149
[  177284ms] [LOG] [Bridge] Annotations 2 (editors:0 docStorage:2) types: {} @ http://localhost:5173/pdfjs/web/viewer.html?file=%2Fapi%2Fv1%2Fpdf%2Ffiles%2F1%2Fdownload&disableAutoFetch=true:149
[  180290ms] [LOG] [Bridge] Annotations 2 (editors:0 docStorage:2) types: {} @ http://localhost:5173/pdfjs/web/viewer.html?file=%2Fapi%2Fv1%2Fpdf%2Ffiles%2F1%2Fdownload&disableAutoFetch=true:149
[  183293ms] [LOG] [Bridge] Annotations 2 (editors:0 docStorage:2) types: {} @ http://localhost:5173/pdfjs/web/viewer.html?file=%2Fapi%2Fv1%2Fpdf%2Ffiles%2F1%2Fdownload&disableAutoFetch=true:149
[  186287ms] [LOG] [Bridge] Annotations 2 (editors:0 docStorage:2) types: {} @ http://localhost:5173/pdfjs/web/viewer.html?file=%2Fapi%2Fv1%2Fpdf%2Ffiles%2F1%2Fdownload&disableAutoFetch=true:149
[  189292ms] [LOG] [Bridge] Annotations 2 (editors:0 docStorage:2) types: {} @ http://localhost:5173/pdfjs/web/viewer.html?file=%2Fapi%2Fv1%2Fpdf%2Ffiles%2F1%2Fdownload&disableAutoFetch=true:149
[  192284ms] [LOG] [Bridge] Annotations 2 (editors:0 docStorage:2) types: {} @ http://localhost:5173/pdfjs/web/viewer.html?file=%2Fapi%2Fv1%2Fpdf%2Ffiles%2F1%2Fdownload&disableAutoFetch=true:149
[  195292ms] [LOG] [Bridge] Annotations 2 (editors:0 docStorage:2) types: {} @ http://localhost:5173/pdfjs/web/viewer.html?file=%2Fapi%2Fv1%2Fpdf%2Ffiles%2F1%2Fdownload&disableAutoFetch=true:149
[  198299ms] [LOG] [Bridge] Annotations 2 (editors:0 docStorage:2) types: {} @ http://localhost:5173/pdfjs/web/viewer.html?file=%2Fapi%2Fv1%2Fpdf%2Ffiles%2F1%2Fdownload&disableAutoFetch=true:149
[  201286ms] [LOG] [Bridge] Annotations 2 (editors:0 docStorage:2) types: {} @ http://localhost:5173/pdfjs/web/viewer.html?file=%2Fapi%2Fv1%2Fpdf%2Ffiles%2F1%2Fdownload&disableAutoFetch=true:149
[  204287ms] [LOG] [Bridge] Annotations 2 (editors:0 docStorage:2) types: {} @ http://localhost:5173/pdfjs/web/viewer.html?file=%2Fapi%2Fv1%2Fpdf%2Ffiles%2F1%2Fdownload&disableAutoFetch=true:149
[  207293ms] [LOG] [Bridge] Annotations 2 (editors:0 docStorage:2) types: {} @ http://localhost:5173/pdfjs/web/viewer.html?file=%2Fapi%2Fv1%2Fpdf%2Ffiles%2F1%2Fdownload&disableAutoFetch=true:149
[  210295ms] [LOG] [Bridge] Annotations 2 (editors:0 docStorage:2) types: {} @ http://localhost:5173/pdfjs/web/viewer.html?file=%2Fapi%2Fv1%2Fpdf%2Ffiles%2F1%2Fdownload&disableAutoFetch=true:149
[  213284ms] [LOG] [Bridge] Annotations 2 (editors:0 docStorage:2) types: {} @ http://localhost:5173/pdfjs/web/viewer.html?file=%2Fapi%2Fv1%2Fpdf%2Ffiles%2F1%2Fdownload&disableAutoFetch=true:149
[  216284ms] [LOG] [Bridge] Annotations 2 (editors:0 docStorage:2) types: {} @ http://localhost:5173/pdfjs/web/viewer.html?file=%2Fapi%2Fv1%2Fpdf%2Ffiles%2F1%2Fdownload&disableAutoFetch=true:149
[  219303ms] [LOG] [Bridge] Annotations 2 (editors:0 docStorage:2) types: {} @ http://localhost:5173/pdfjs/web/viewer.html?file=%2Fapi%2Fv1%2Fpdf%2Ffiles%2F1%2Fdownload&disableAutoFetch=true:149
[  222288ms] [LOG] [Bridge] Annotations 2 (editors:0 docStorage:2) types: {} @ http://localhost:5173/pdfjs/web/viewer.html?file=%2Fapi%2Fv1%2Fpdf%2Ffiles%2F1%2Fdownload&disableAutoFetch=true:149
[  225284ms] [LOG] [Bridge] Annotations 2 (editors:0 docStorage:2) types: {} @ http://localhost:5173/pdfjs/web/viewer.html?file=%2Fapi%2Fv1%2Fpdf%2Ffiles%2F1%2Fdownload&disableAutoFetch=true:149
[  228286ms] [LOG] [Bridge] Annotations 2 (editors:0 docStorage:2) types: {} @ http://localhost:5173/pdfjs/web/viewer.html?file=%2Fapi%2Fv1%2Fpdf%2Ffiles%2F1%2Fdownload&disableAutoFetch=true:149
[  231296ms] [LOG] [Bridge] Annotations 2 (editors:0 docStorage:2) types: {} @ http://localhost:5173/pdfjs/web/viewer.html?file=%2Fapi%2Fv1%2Fpdf%2Ffiles%2F1%2Fdownload&disableAutoFetch=true:149
[  234287ms] [LOG] [Bridge] Annotations 2 (editors:0 docStorage:2) types: {} @ http://localhost:5173/pdfjs/web/viewer.html?file=%2Fapi%2Fv1%2Fpdf%2Ffiles%2F1%2Fdownload&disableAutoFetch=true:149
[  237289ms] [LOG] [Bridge] Annotations 2 (editors:0 docStorage:2) types: {} @ http://localhost:5173/pdfjs/web/viewer.html?file=%2Fapi%2Fv1%2Fpdf%2Ffiles%2F1%2Fdownload&disableAutoFetch=true:149
[  240294ms] [LOG] [Bridge] Annotations 2 (editors:0 docStorage:2) types: {} @ http://localhost:5173/pdfjs/web/viewer.html?file=%2Fapi%2Fv1%2Fpdf%2Ffiles%2F1%2Fdownload&disableAutoFetch=true:149
[  243284ms] [LOG] [Bridge] Annotations 2 (editors:0 docStorage:2) types: {} @ http://localhost:5173/pdfjs/web/viewer.html?file=%2Fapi%2Fv1%2Fpdf%2Ffiles%2F1%2Fdownload&disableAutoFetch=true:149
[  246285ms] [LOG] [Bridge] Annotations 2 (editors:0 docStorage:2) types: {} @ http://localhost:5173/pdfjs/web/viewer.html?file=%2Fapi%2Fv1%2Fpdf%2Ffiles%2F1%2Fdownload&disableAutoFetch=true:149
[  249284ms] [LOG] [Bridge] Annotations 2 (editors:0 docStorage:2) types: {} @ http://localhost:5173/pdfjs/web/viewer.html?file=%2Fapi%2Fv1%2Fpdf%2Ffiles%2F1%2Fdownload&disableAutoFetch=true:149
[  252287ms] [LOG] [Bridge] Annotations 2 (editors:0 docStorage:2) types: {} @ http://localhost:5173/pdfjs/web/viewer.html?file=%2Fapi%2Fv1%2Fpdf%2Ffiles%2F1%2Fdownload&disableAutoFetch=true:149
[  255290ms] [LOG] [Bridge] Annotations 2 (editors:0 docStorage:2) types: {} @ http://localhost:5173/pdfjs/web/viewer.html?file=%2Fapi%2Fv1%2Fpdf%2Ffiles%2F1%2Fdownload&disableAutoFetch=true:149
[  258297ms] [LOG] [Bridge] Annotations 2 (editors:0 docStorage:2) types: {} @ http://localhost:5173/pdfjs/web/viewer.html?file=%2Fapi%2Fv1%2Fpdf%2Ffiles%2F1%2Fdownload&disableAutoFetch=true:149
[  261287ms] [LOG] [Bridge] Annotations 2 (editors:0 docStorage:2) types: {} @ http://localhost:5173/pdfjs/web/viewer.html?file=%2Fapi%2Fv1%2Fpdf%2Ffiles%2F1%2Fdownload&disableAutoFetch=true:149
[  264291ms] [LOG] [Bridge] Annotations 2 (editors:0 docStorage:2) types: {} @ http://localhost:5173/pdfjs/web/viewer.html?file=%2Fapi%2Fv1%2Fpdf%2Ffiles%2F1%2Fdownload&disableAutoFetch=true:149
[  267293ms] [LOG] [Bridge] Annotations 2 (editors:0 docStorage:2) types: {} @ http://localhost:5173/pdfjs/web/viewer.html?file=%2Fapi%2Fv1%2Fpdf%2Ffiles%2F1%2Fdownload&disableAutoFetch=true:149
[  270284ms] [LOG] [Bridge] Annotations 2 (editors:0 docStorage:2) types: {} @ http://localhost:5173/pdfjs/web/viewer.html?file=%2Fapi%2Fv1%2Fpdf%2Ffiles%2F1%2Fdownload&disableAutoFetch=true:149
[  273293ms] [LOG] [Bridge] Annotations 2 (editors:0 docStorage:2) types: {} @ http://localhost:5173/pdfjs/web/viewer.html?file=%2Fapi%2Fv1%2Fpdf%2Ffiles%2F1%2Fdownload&disableAutoFetch=true:149
[  276297ms] [LOG] [Bridge] Annotations 2 (editors:0 docStorage:2) types: {} @ http://localhost:5173/pdfjs/web/viewer.html?file=%2Fapi%2Fv1%2Fpdf%2Ffiles%2F1%2Fdownload&disableAutoFetch=true:149
[  279289ms] [LOG] [Bridge] Annotations 2 (editors:0 docStorage:2) types: {} @ http://localhost:5173/pdfjs/web/viewer.html?file=%2Fapi%2Fv1%2Fpdf%2Ffiles%2F1%2Fdownload&disableAutoFetch=true:149
[  282293ms] [LOG] [Bridge] Annotations 2 (editors:0 docStorage:2) types: {} @ http://localhost:5173/pdfjs/web/viewer.html?file=%2Fapi%2Fv1%2Fpdf%2Ffiles%2F1%2Fdownload&disableAutoFetch=true:149
[  285288ms] [LOG] [Bridge] Annotations 2 (editors:0 docStorage:2) types: {} @ http://localhost:5173/pdfjs/web/viewer.html?file=%2Fapi%2Fv1%2Fpdf%2Ffiles%2F1%2Fdownload&disableAutoFetch=true:149
[  288294ms] [LOG] [Bridge] Annotations 2 (editors:0 docStorage:2) types: {} @ http://localhost:5173/pdfjs/web/viewer.html?file=%2Fapi%2Fv1%2Fpdf%2Ffiles%2F1%2Fdownload&disableAutoFetch=true:149
[  291297ms] [LOG] [Bridge] Annotations 2 (editors:0 docStorage:2) types: {} @ http://localhost:5173/pdfjs/web/viewer.html?file=%2Fapi%2Fv1%2Fpdf%2Ffiles%2F1%2Fdownload&disableAutoFetch=true:149
[  294297ms] [LOG] [Bridge] Annotations 2 (editors:0 docStorage:2) types: {} @ http://localhost:5173/pdfjs/web/viewer.html?file=%2Fapi%2Fv1%2Fpdf%2Ffiles%2F1%2Fdownload&disableAutoFetch=true:149
[  297286ms] [LOG] [Bridge] Annotations 2 (editors:0 docStorage:2) types: {} @ http://localhost:5173/pdfjs/web/viewer.html?file=%2Fapi%2Fv1%2Fpdf%2Ffiles%2F1%2Fdownload&disableAutoFetch=true:149
[  300292ms] [LOG] [Bridge] Annotations 2 (editors:0 docStorage:2) types: {} @ http://localhost:5173/pdfjs/web/viewer.html?file=%2Fapi%2Fv1%2Fpdf%2Ffiles%2F1%2Fdownload&disableAutoFetch=true:149
[  303299ms] [LOG] [Bridge] Annotations 2 (editors:0 docStorage:2) types: {} @ http://localhost:5173/pdfjs/web/viewer.html?file=%2Fapi%2Fv1%2Fpdf%2Ffiles%2F1%2Fdownload&disableAutoFetch=true:149
[  306291ms] [LOG] [Bridge] Annotations 2 (editors:0 docStorage:2) types: {} @ http://localhost:5173/pdfjs/web/viewer.html?file=%2Fapi%2Fv1%2Fpdf%2Ffiles%2F1%2Fdownload&disableAutoFetch=true:149
[  309296ms] [LOG] [Bridge] Annotations 2 (editors:0 docStorage:2) types: {} @ http://localhost:5173/pdfjs/web/viewer.html?file=%2Fapi%2Fv1%2Fpdf%2Ffiles%2F1%2Fdownload&disableAutoFetch=true:149
[  312287ms] [LOG] [Bridge] Annotations 2 (editors:0 docStorage:2) types: {} @ http://localhost:5173/pdfjs/web/viewer.html?file=%2Fapi%2Fv1%2Fpdf%2Ffiles%2F1%2Fdownload&disableAutoFetch=true:149
[  315290ms] [LOG] [Bridge] Annotations 2 (editors:0 docStorage:2) types: {} @ http://localhost:5173/pdfjs/web/viewer.html?file=%2Fapi%2Fv1%2Fpdf%2Ffiles%2F1%2Fdownload&disableAutoFetch=true:149
[  318294ms] [LOG] [Bridge] Annotations 2 (editors:0 docStorage:2) types: {} @ http://localhost:5173/pdfjs/web/viewer.html?file=%2Fapi%2Fv1%2Fpdf%2Ffiles%2F1%2Fdownload&disableAutoFetch=true:149
[  321286ms] [LOG] [Bridge] Annotations 2 (editors:0 docStorage:2) types: {} @ http://localhost:5173/pdfjs/web/viewer.html?file=%2Fapi%2Fv1%2Fpdf%2Ffiles%2F1%2Fdownload&disableAutoFetch=true:149
[  324287ms] [LOG] [Bridge] Annotations 2 (editors:0 docStorage:2) types: {} @ http://localhost:5173/pdfjs/web/viewer.html?file=%2Fapi%2Fv1%2Fpdf%2Ffiles%2F1%2Fdownload&disableAutoFetch=true:149
[  327290ms] [LOG] [Bridge] Annotations 2 (editors:0 docStorage:2) types: {} @ http://localhost:5173/pdfjs/web/viewer.html?file=%2Fapi%2Fv1%2Fpdf%2Ffiles%2F1%2Fdownload&disableAutoFetch=true:149
[  330293ms] [LOG] [Bridge] Annotations 2 (editors:0 docStorage:2) types: {} @ http://localhost:5173/pdfjs/web/viewer.html?file=%2Fapi%2Fv1%2Fpdf%2Ffiles%2F1%2Fdownload&disableAutoFetch=true:149
[  333292ms] [LOG] [Bridge] Annotations 2 (editors:0 docStorage:2) types: {} @ http://localhost:5173/pdfjs/web/viewer.html?file=%2Fapi%2Fv1%2Fpdf%2Ffiles%2F1%2Fdownload&disableAutoFetch=true:149
[  336298ms] [LOG] [Bridge] Annotations 2 (editors:0 docStorage:2) types: {} @ http://localhost:5173/pdfjs/web/viewer.html?file=%2Fapi%2Fv1%2Fpdf%2Ffiles%2F1%2Fdownload&disableAutoFetch=true:149
[  339286ms] [LOG] [Bridge] Annotations 2 (editors:0 docStorage:2) types: {} @ http://localhost:5173/pdfjs/web/viewer.html?file=%2Fapi%2Fv1%2Fpdf%2Ffiles%2F1%2Fdownload&disableAutoFetch=true:149
[  342288ms] [LOG] [Bridge] Annotations 2 (editors:0 docStorage:2) types: {} @ http://localhost:5173/pdfjs/web/viewer.html?file=%2Fapi%2Fv1%2Fpdf%2Ffiles%2F1%2Fdownload&disableAutoFetch=true:149
[  345289ms] [LOG] [Bridge] Annotations 2 (editors:0 docStorage:2) types: {} @ http://localhost:5173/pdfjs/web/viewer.html?file=%2Fapi%2Fv1%2Fpdf%2Ffiles%2F1%2Fdownload&disableAutoFetch=true:149
[  348295ms] [LOG] [Bridge] Annotations 2 (editors:0 docStorage:2) types: {} @ http://localhost:5173/pdfjs/web/viewer.html?file=%2Fapi%2Fv1%2Fpdf%2Ffiles%2F1%2Fdownload&disableAutoFetch=true:149
[  351299ms] [LOG] [Bridge] Annotations 2 (editors:0 docStorage:2) types: {} @ http://localhost:5173/pdfjs/web/viewer.html?file=%2Fapi%2Fv1%2Fpdf%2Ffiles%2F1%2Fdownload&disableAutoFetch=true:149
[  354290ms] [LOG] [Bridge] Annotations 2 (editors:0 docStorage:2) types: {} @ http://localhost:5173/pdfjs/web/viewer.html?file=%2Fapi%2Fv1%2Fpdf%2Ffiles%2F1%2Fdownload&disableAutoFetch=true:149
[  357293ms] [LOG] [Bridge] Annotations 2 (editors:0 docStorage:2) types: {} @ http://localhost:5173/pdfjs/web/viewer.html?file=%2Fapi%2Fv1%2Fpdf%2Ffiles%2F1%2Fdownload&disableAutoFetch=true:149
[  360298ms] [LOG] [Bridge] Annotations 2 (editors:0 docStorage:2) types: {} @ http://localhost:5173/pdfjs/web/viewer.html?file=%2Fapi%2Fv1%2Fpdf%2Ffiles%2F1%2Fdownload&disableAutoFetch=true:149
[  363288ms] [LOG] [Bridge] Annotations 2 (editors:0 docStorage:2) types: {} @ http://localhost:5173/pdfjs/web/viewer.html?file=%2Fapi%2Fv1%2Fpdf%2Ffiles%2F1%2Fdownload&disableAutoFetch=true:149
[  366290ms] [LOG] [Bridge] Annotations 2 (editors:0 docStorage:2) types: {} @ http://localhost:5173/pdfjs/web/viewer.html?file=%2Fapi%2Fv1%2Fpdf%2Ffiles%2F1%2Fdownload&disableAutoFetch=true:149
[  369293ms] [LOG] [Bridge] Annotations 2 (editors:0 docStorage:2) types: {} @ http://localhost:5173/pdfjs/web/viewer.html?file=%2Fapi%2Fv1%2Fpdf%2Ffiles%2F1%2Fdownload&disableAutoFetch=true:149
[  372298ms] [LOG] [Bridge] Annotations 2 (editors:0 docStorage:2) types: {} @ http://localhost:5173/pdfjs/web/viewer.html?file=%2Fapi%2Fv1%2Fpdf%2Ffiles%2F1%2Fdownload&disableAutoFetch=true:149
[  375288ms] [LOG] [Bridge] Annotations 2 (editors:0 docStorage:2) types: {} @ http://localhost:5173/pdfjs/web/viewer.html?file=%2Fapi%2Fv1%2Fpdf%2Ffiles%2F1%2Fdownload&disableAutoFetch=true:149
[  378294ms] [LOG] [Bridge] Annotations 2 (editors:0 docStorage:2) types: {} @ http://localhost:5173/pdfjs/web/viewer.html?file=%2Fapi%2Fv1%2Fpdf%2Ffiles%2F1%2Fdownload&disableAutoFetch=true:149
[  381295ms] [LOG] [Bridge] Annotations 2 (editors:0 docStorage:2) types: {} @ http://localhost:5173/pdfjs/web/viewer.html?file=%2Fapi%2Fv1%2Fpdf%2Ffiles%2F1%2Fdownload&disableAutoFetch=true:149
[  384285ms] [LOG] [Bridge] Annotations 2 (editors:0 docStorage:2) types: {} @ http://localhost:5173/pdfjs/web/viewer.html?file=%2Fapi%2Fv1%2Fpdf%2Ffiles%2F1%2Fdownload&disableAutoFetch=true:149
[  387290ms] [LOG] [Bridge] Annotations 2 (editors:0 docStorage:2) types: {} @ http://localhost:5173/pdfjs/web/viewer.html?file=%2Fapi%2Fv1%2Fpdf%2Ffiles%2F1%2Fdownload&disableAutoFetch=true:149
[  390296ms] [LOG] [Bridge] Annotations 2 (editors:0 docStorage:2) types: {} @ http://localhost:5173/pdfjs/web/viewer.html?file=%2Fapi%2Fv1%2Fpdf%2Ffiles%2F1%2Fdownload&disableAutoFetch=true:149
[  393297ms] [LOG] [Bridge] Annotations 2 (editors:0 docStorage:2) types: {} @ http://localhost:5173/pdfjs/web/viewer.html?file=%2Fapi%2Fv1%2Fpdf%2Ffiles%2F1%2Fdownload&disableAutoFetch=true:149
[  396299ms] [LOG] [Bridge] Annotations 2 (editors:0 docStorage:2) types: {} @ http://localhost:5173/pdfjs/web/viewer.html?file=%2Fapi%2Fv1%2Fpdf%2Ffiles%2F1%2Fdownload&disableAutoFetch=true:149
[  399285ms] [LOG] [Bridge] Annotations 2 (editors:0 docStorage:2) types: {} @ http://localhost:5173/pdfjs/web/viewer.html?file=%2Fapi%2Fv1%2Fpdf%2Ffiles%2F1%2Fdownload&disableAutoFetch=true:149
[  402291ms] [LOG] [Bridge] Annotations 2 (editors:0 docStorage:2) types: {} @ http://localhost:5173/pdfjs/web/viewer.html?file=%2Fapi%2Fv1%2Fpdf%2Ffiles%2F1%2Fdownload&disableAutoFetch=true:149
[  405296ms] [LOG] [Bridge] Annotations 2 (editors:0 docStorage:2) types: {} @ http://localhost:5173/pdfjs/web/viewer.html?file=%2Fapi%2Fv1%2Fpdf%2Ffiles%2F1%2Fdownload&disableAutoFetch=true:149
[  408299ms] [LOG] [Bridge] Annotations 2 (editors:0 docStorage:2) types: {} @ http://localhost:5173/pdfjs/web/viewer.html?file=%2Fapi%2Fv1%2Fpdf%2Ffiles%2F1%2Fdownload&disableAutoFetch=true:149
[  411285ms] [LOG] [Bridge] Annotations 2 (editors:0 docStorage:2) types: {} @ http://localhost:5173/pdfjs/web/viewer.html?file=%2Fapi%2Fv1%2Fpdf%2Ffiles%2F1%2Fdownload&disableAutoFetch=true:149
[  414295ms] [LOG] [Bridge] Annotations 2 (editors:0 docStorage:2) types: {} @ http://localhost:5173/pdfjs/web/viewer.html?file=%2Fapi%2Fv1%2Fpdf%2Ffiles%2F1%2Fdownload&disableAutoFetch=true:149
[  417299ms] [LOG] [Bridge] Annotations 2 (editors:0 docStorage:2) types: {} @ http://localhost:5173/pdfjs/web/viewer.html?file=%2Fapi%2Fv1%2Fpdf%2Ffiles%2F1%2Fdownload&disableAutoFetch=true:149
[  420298ms] [LOG] [Bridge] Annotations 2 (editors:0 docStorage:2) types: {} @ http://localhost:5173/pdfjs/web/viewer.html?file=%2Fapi%2Fv1%2Fpdf%2Ffiles%2F1%2Fdownload&disableAutoFetch=true:149
[  423287ms] [LOG] [Bridge] Annotations 2 (editors:0 docStorage:2) types: {} @ http://localhost:5173/pdfjs/web/viewer.html?file=%2Fapi%2Fv1%2Fpdf%2Ffiles%2F1%2Fdownload&disableAutoFetch=true:149
[  426288ms] [LOG] [Bridge] Annotations 2 (editors:0 docStorage:2) types: {} @ http://localhost:5173/pdfjs/web/viewer.html?file=%2Fapi%2Fv1%2Fpdf%2Ffiles%2F1%2Fdownload&disableAutoFetch=true:149
[  429295ms] [LOG] [Bridge] Annotations 2 (editors:0 docStorage:2) types: {} @ http://localhost:5173/pdfjs/web/viewer.html?file=%2Fapi%2Fv1%2Fpdf%2Ffiles%2F1%2Fdownload&disableAutoFetch=true:149
[  432285ms] [LOG] [Bridge] Annotations 2 (editors:0 docStorage:2) types: {} @ http://localhost:5173/pdfjs/web/viewer.html?file=%2Fapi%2Fv1%2Fpdf%2Ffiles%2F1%2Fdownload&disableAutoFetch=true:149
[  435289ms] [LOG] [Bridge] Annotations 2 (editors:0 docStorage:2) types: {} @ http://localhost:5173/pdfjs/web/viewer.html?file=%2Fapi%2Fv1%2Fpdf%2Ffiles%2F1%2Fdownload&disableAutoFetch=true:149
[  438298ms] [LOG] [Bridge] Annotations 2 (editors:0 docStorage:2) types: {} @ http://localhost:5173/pdfjs/web/viewer.html?file=%2Fapi%2Fv1%2Fpdf%2Ffiles%2F1%2Fdownload&disableAutoFetch=true:149
[  441288ms] [LOG] [Bridge] Annotations 2 (editors:0 docStorage:2) types: {} @ http://localhost:5173/pdfjs/web/viewer.html?file=%2Fapi%2Fv1%2Fpdf%2Ffiles%2F1%2Fdownload&disableAutoFetch=true:149
[  444297ms] [LOG] [Bridge] Annotations 2 (editors:0 docStorage:2) types: {} @ http://localhost:5173/pdfjs/web/viewer.html?file=%2Fapi%2Fv1%2Fpdf%2Ffiles%2F1%2Fdownload&disableAutoFetch=true:149
[  447287ms] [LOG] [Bridge] Annotations 2 (editors:0 docStorage:2) types: {} @ http://localhost:5173/pdfjs/web/viewer.html?file=%2Fapi%2Fv1%2Fpdf%2Ffiles%2F1%2Fdownload&disableAutoFetch=true:149
[  450291ms] [LOG] [Bridge] Annotations 2 (editors:0 docStorage:2) types: {} @ http://localhost:5173/pdfjs/web/viewer.html?file=%2Fapi%2Fv1%2Fpdf%2Ffiles%2F1%2Fdownload&disableAutoFetch=true:149
[  453286ms] [LOG] [Bridge] Annotations 2 (editors:0 docStorage:2) types: {} @ http://localhost:5173/pdfjs/web/viewer.html?file=%2Fapi%2Fv1%2Fpdf%2Ffiles%2F1%2Fdownload&disableAutoFetch=true:149
[  456290ms] [LOG] [Bridge] Annotations 2 (editors:0 docStorage:2) types: {} @ http://localhost:5173/pdfjs/web/viewer.html?file=%2Fapi%2Fv1%2Fpdf%2Ffiles%2F1%2Fdownload&disableAutoFetch=true:149
[  459294ms] [LOG] [Bridge] Annotations 2 (editors:0 docStorage:2) types: {} @ http://localhost:5173/pdfjs/web/viewer.html?file=%2Fapi%2Fv1%2Fpdf%2Ffiles%2F1%2Fdownload&disableAutoFetch=true:149
[  462295ms] [LOG] [Bridge] Annotations 2 (editors:0 docStorage:2) types: {} @ http://localhost:5173/pdfjs/web/viewer.html?file=%2Fapi%2Fv1%2Fpdf%2Ffiles%2F1%2Fdownload&disableAutoFetch=true:149
[  465286ms] [LOG] [Bridge] Annotations 2 (editors:0 docStorage:2) types: {} @ http://localhost:5173/pdfjs/web/viewer.html?file=%2Fapi%2Fv1%2Fpdf%2Ffiles%2F1%2Fdownload&disableAutoFetch=true:149
[  468293ms] [LOG] [Bridge] Annotations 2 (editors:0 docStorage:2) types: {} @ http://localhost:5173/pdfjs/web/viewer.html?file=%2Fapi%2Fv1%2Fpdf%2Ffiles%2F1%2Fdownload&disableAutoFetch=true:149
[  471286ms] [LOG] [Bridge] Annotations 2 (editors:0 docStorage:2) types: {} @ http://localhost:5173/pdfjs/web/viewer.html?file=%2Fapi%2Fv1%2Fpdf%2Ffiles%2F1%2Fdownload&disableAutoFetch=true:149
[  474288ms] [LOG] [Bridge] Annotations 2 (editors:0 docStorage:2) types: {} @ http://localhost:5173/pdfjs/web/viewer.html?file=%2Fapi%2Fv1%2Fpdf%2Ffiles%2F1%2Fdownload&disableAutoFetch=true:149
[  477295ms] [LOG] [Bridge] Annotations 2 (editors:0 docStorage:2) types: {} @ http://localhost:5173/pdfjs/web/viewer.html?file=%2Fapi%2Fv1%2Fpdf%2Ffiles%2F1%2Fdownload&disableAutoFetch=true:149
[  480299ms] [LOG] [Bridge] Annotations 2 (editors:0 docStorage:2) types: {} @ http://localhost:5173/pdfjs/web/viewer.html?file=%2Fapi%2Fv1%2Fpdf%2Ffiles%2F1%2Fdownload&disableAutoFetch=true:149
[  483291ms] [LOG] [Bridge] Annotations 2 (editors:0 docStorage:2) types: {} @ http://localhost:5173/pdfjs/web/viewer.html?file=%2Fapi%2Fv1%2Fpdf%2Ffiles%2F1%2Fdownload&disableAutoFetch=true:149
[  486299ms] [LOG] [Bridge] Annotations 2 (editors:0 docStorage:2) types: {} @ http://localhost:5173/pdfjs/web/viewer.html?file=%2Fapi%2Fv1%2Fpdf%2Ffiles%2F1%2Fdownload&disableAutoFetch=true:149
[  489292ms] [LOG] [Bridge] Annotations 2 (editors:0 docStorage:2) types: {} @ http://localhost:5173/pdfjs/web/viewer.html?file=%2Fapi%2Fv1%2Fpdf%2Ffiles%2F1%2Fdownload&disableAutoFetch=true:149
[  492300ms] [LOG] [Bridge] Annotations 2 (editors:0 docStorage:2) types: {} @ http://localhost:5173/pdfjs/web/viewer.html?file=%2Fapi%2Fv1%2Fpdf%2Ffiles%2F1%2Fdownload&disableAutoFetch=true:149
[  495288ms] [LOG] [Bridge] Annotations 2 (editors:0 docStorage:2) types: {} @ http://localhost:5173/pdfjs/web/viewer.html?file=%2Fapi%2Fv1%2Fpdf%2Ffiles%2F1%2Fdownload&disableAutoFetch=true:149
[  498293ms] [LOG] [Bridge] Annotations 2 (editors:0 docStorage:2) types: {} @ http://localhost:5173/pdfjs/web/viewer.html?file=%2Fapi%2Fv1%2Fpdf%2Ffiles%2F1%2Fdownload&disableAutoFetch=true:149
[  501285ms] [LOG] [Bridge] Annotations 2 (editors:0 docStorage:2) types: {} @ http://localhost:5173/pdfjs/web/viewer.html?file=%2Fapi%2Fv1%2Fpdf%2Ffiles%2F1%2Fdownload&disableAutoFetch=true:149
[  504296ms] [LOG] [Bridge] Annotations 2 (editors:0 docStorage:2) types: {} @ http://localhost:5173/pdfjs/web/viewer.html?file=%2Fapi%2Fv1%2Fpdf%2Ffiles%2F1%2Fdownload&disableAutoFetch=true:149
[  507291ms] [LOG] [Bridge] Annotations 2 (editors:0 docStorage:2) types: {} @ http://localhost:5173/pdfjs/web/viewer.html?file=%2Fapi%2Fv1%2Fpdf%2Ffiles%2F1%2Fdownload&disableAutoFetch=true:149
[  510284ms] [LOG] [Bridge] Annotations 2 (editors:0 docStorage:2) types: {} @ http://localhost:5173/pdfjs/web/viewer.html?file=%2Fapi%2Fv1%2Fpdf%2Ffiles%2F1%2Fdownload&disableAutoFetch=true:149
[  513285ms] [LOG] [Bridge] Annotations 2 (editors:0 docStorage:2) types: {} @ http://localhost:5173/pdfjs/web/viewer.html?file=%2Fapi%2Fv1%2Fpdf%2Ffiles%2F1%2Fdownload&disableAutoFetch=true:149
[  516291ms] [LOG] [Bridge] Annotations 2 (editors:0 docStorage:2) types: {} @ http://localhost:5173/pdfjs/web/viewer.html?file=%2Fapi%2Fv1%2Fpdf%2Ffiles%2F1%2Fdownload&disableAutoFetch=true:149
[  519292ms] [LOG] [Bridge] Annotations 2 (editors:0 docStorage:2) types: {} @ http://localhost:5173/pdfjs/web/viewer.html?file=%2Fapi%2Fv1%2Fpdf%2Ffiles%2F1%2Fdownload&disableAutoFetch=true:149
[  522293ms] [LOG] [Bridge] Annotations 2 (editors:0 docStorage:2) types: {} @ http://localhost:5173/pdfjs/web/viewer.html?file=%2Fapi%2Fv1%2Fpdf%2Ffiles%2F1%2Fdownload&disableAutoFetch=true:149
[  525286ms] [LOG] [Bridge] Annotations 2 (editors:0 docStorage:2) types: {} @ http://localhost:5173/pdfjs/web/viewer.html?file=%2Fapi%2Fv1%2Fpdf%2Ffiles%2F1%2Fdownload&disableAutoFetch=true:149
[  528284ms] [LOG] [Bridge] Annotations 2 (editors:0 docStorage:2) types: {} @ http://localhost:5173/pdfjs/web/viewer.html?file=%2Fapi%2Fv1%2Fpdf%2Ffiles%2F1%2Fdownload&disableAutoFetch=true:149
[  531293ms] [LOG] [Bridge] Annotations 2 (editors:0 docStorage:2) types: {} @ http://localhost:5173/pdfjs/web/viewer.html?file=%2Fapi%2Fv1%2Fpdf%2Ffiles%2F1%2Fdownload&disableAutoFetch=true:149
[  534292ms] [LOG] [Bridge] Annotations 2 (editors:0 docStorage:2) types: {} @ http://localhost:5173/pdfjs/web/viewer.html?file=%2Fapi%2Fv1%2Fpdf%2Ffiles%2F1%2Fdownload&disableAutoFetch=true:149
[  537295ms] [LOG] [Bridge] Annotations 2 (editors:0 docStorage:2) types: {} @ http://localhost:5173/pdfjs/web/viewer.html?file=%2Fapi%2Fv1%2Fpdf%2Ffiles%2F1%2Fdownload&disableAutoFetch=true:149
[  540284ms] [LOG] [Bridge] Annotations 2 (editors:0 docStorage:2) types: {} @ http://localhost:5173/pdfjs/web/viewer.html?file=%2Fapi%2Fv1%2Fpdf%2Ffiles%2F1%2Fdownload&disableAutoFetch=true:149
[  543285ms] [LOG] [Bridge] Annotations 2 (editors:0 docStorage:2) types: {} @ http://localhost:5173/pdfjs/web/viewer.html?file=%2Fapi%2Fv1%2Fpdf%2Ffiles%2F1%2Fdownload&disableAutoFetch=true:149
[  546288ms] [LOG] [Bridge] Annotations 2 (editors:0 docStorage:2) types: {} @ http://localhost:5173/pdfjs/web/viewer.html?file=%2Fapi%2Fv1%2Fpdf%2Ffiles%2F1%2Fdownload&disableAutoFetch=true:149
[  549291ms] [LOG] [Bridge] Annotations 2 (editors:0 docStorage:2) types: {} @ http://localhost:5173/pdfjs/web/viewer.html?file=%2Fapi%2Fv1%2Fpdf%2Ffiles%2F1%2Fdownload&disableAutoFetch=true:149
[  552294ms] [LOG] [Bridge] Annotations 2 (editors:0 docStorage:2) types: {} @ http://localhost:5173/pdfjs/web/viewer.html?file=%2Fapi%2Fv1%2Fpdf%2Ffiles%2F1%2Fdownload&disableAutoFetch=true:149
[  555298ms] [LOG] [Bridge] Annotations 2 (editors:0 docStorage:2) types: {} @ http://localhost:5173/pdfjs/web/viewer.html?file=%2Fapi%2Fv1%2Fpdf%2Ffiles%2F1%2Fdownload&disableAutoFetch=true:149
[  558294ms] [LOG] [Bridge] Annotations 2 (editors:0 docStorage:2) types: {} @ http://localhost:5173/pdfjs/web/viewer.html?file=%2Fapi%2Fv1%2Fpdf%2Ffiles%2F1%2Fdownload&disableAutoFetch=true:149
[  561285ms] [LOG] [Bridge] Annotations 2 (editors:0 docStorage:2) types: {} @ http://localhost:5173/pdfjs/web/viewer.html?file=%2Fapi%2Fv1%2Fpdf%2Ffiles%2F1%2Fdownload&disableAutoFetch=true:149
[  564288ms] [LOG] [Bridge] Annotations 2 (editors:0 docStorage:2) types: {} @ http://localhost:5173/pdfjs/web/viewer.html?file=%2Fapi%2Fv1%2Fpdf%2Ffiles%2F1%2Fdownload&disableAutoFetch=true:149
[  567294ms] [LOG] [Bridge] Annotations 2 (editors:0 docStorage:2) types: {} @ http://localhost:5173/pdfjs/web/viewer.html?file=%2Fapi%2Fv1%2Fpdf%2Ffiles%2F1%2Fdownload&disableAutoFetch=true:149
[  570286ms] [LOG] [Bridge] Annotations 2 (editors:0 docStorage:2) types: {} @ http://localhost:5173/pdfjs/web/viewer.html?file=%2Fapi%2Fv1%2Fpdf%2Ffiles%2F1%2Fdownload&disableAutoFetch=true:149
[  573293ms] [LOG] [Bridge] Annotations 2 (editors:0 docStorage:2) types: {} @ http://localhost:5173/pdfjs/web/viewer.html?file=%2Fapi%2Fv1%2Fpdf%2Ffiles%2F1%2Fdownload&disableAutoFetch=true:149
[  576286ms] [LOG] [Bridge] Annotations 2 (editors:0 docStorage:2) types: {} @ http://localhost:5173/pdfjs/web/viewer.html?file=%2Fapi%2Fv1%2Fpdf%2Ffiles%2F1%2Fdownload&disableAutoFetch=true:149
[  579288ms] [LOG] [Bridge] Annotations 2 (editors:0 docStorage:2) types: {} @ http://localhost:5173/pdfjs/web/viewer.html?file=%2Fapi%2Fv1%2Fpdf%2Ffiles%2F1%2Fdownload&disableAutoFetch=true:149
