[  -22357ms] [VERBOSE] [DOM] Password field is not contained in a form: (More info: https://goo.gl/9p2vKq) %o @ http://localhost:5173/pdfjs/web/viewer.html?file=%2Fapi%2Fv1%2Fpdf%2Ffiles%2F1%2Fdownload&disableAutoFetch=true:0
[  -20463ms] [INFO] Autofocus processing was blocked because a document already has a focused element. @ devtools://devtools/bundled/devtools_app.html?remoteBase=https://chrome-devtools-frontend.appspot.com/serve_file/@9d2c8156a72129edca4785abb98866fad60ea338/&targetType=tab&can_dock=true:0
[  -20493ms] [TIMEEND] Main._createAppUI: 15.552001953125 ms @ devtools://devtools/bundled/entrypoints/main/main.js:10
[  -20348ms] [TIMEEND] Main._showAppUI: 144.036865234375 ms @ devtools://devtools/bundled/entrypoints/main/main.js:10
[  -20334ms] [TIMEEND] Main._initializeTarget: 13.533935546875 ms @ devtools://devtools/bundled/entrypoints/main/main.js:10
[  -20308ms] [DEBUG] Could not load project settings for http://localhost:5173/reader: Unexpected token '<', "<!doctype "... is not valid JSON @ devtools://devtools/bundled/models/project_settings/project_settings.js:0
[  -20227ms] [TIMEEND] Main._lateInitialization: 0.239013671875 ms @ devtools://devtools/bundled/entrypoints/main/main.js:10
[  -19540ms] [WARNING] No handler registered for issue code PerformanceIssue @ devtools://devtools/bundled/models/issues_manager/issues_manager.js:3
[   37393ms] [DEBUG] Could not load project settings for http://localhost:5173/reader: Unexpected token '<', "<!doctype "... is not valid JSON @ devtools://devtools/bundled/models/project_settings/project_settings.js:0
[   39507ms] [WARNING] No handler registered for issue code PerformanceIssue @ devtools://devtools/bundled/models/issues_manager/issues_manager.js:3
[  584956ms] [DEBUG] Could not load project settings for http://localhost:5173/reader: Unexpected token '<', "<!doctype "... is not valid JSON @ devtools://devtools/bundled/models/project_settings/project_settings.js:0
[  586797ms] [WARNING] No handler registered for issue code PerformanceIssue @ devtools://devtools/bundled/models/issues_manager/issues_manager.js:3
[  730032ms] [DEBUG] Could not load project settings for http://localhost:5173/reader: Unexpected token '<', "<!doctype "... is not valid JSON @ devtools://devtools/bundled/models/project_settings/project_settings.js:0
[  731976ms] [WARNING] No handler registered for issue code PerformanceIssue @ devtools://devtools/bundled/models/issues_manager/issues_manager.js:3
[  921699ms] [DEBUG] Could not load project settings for http://localhost:5173/reader: Unexpected token '<', "<!doctype "... is not valid JSON @ devtools://devtools/bundled/models/project_settings/project_settings.js:0
[  923612ms] [WARNING] No handler registered for issue code PerformanceIssue @ devtools://devtools/bundled/models/issues_manager/issues_manager.js:3
[  975462ms] [DEBUG] Could not load project settings for http://localhost:5173/reader: Unexpected token '<', "<!doctype "... is not valid JSON @ devtools://devtools/bundled/models/project_settings/project_settings.js:0
[  977680ms] [WARNING] No handler registered for issue code PerformanceIssue @ devtools://devtools/bundled/models/issues_manager/issues_manager.js:3
[ 1084118ms] [DEBUG] Could not load project settings for http://localhost:5173/reader: Unexpected token '<', "<!doctype "... is not valid JSON @ devtools://devtools/bundled/models/project_settings/project_settings.js:0
[ 1086046ms] [WARNING] No handler registered for issue code PerformanceIssue @ devtools://devtools/bundled/models/issues_manager/issues_manager.js:3
[ 1166503ms] [DEBUG] Could not load project settings for http://localhost:5173/reader: Unexpected token '<', "<!doctype "... is not valid JSON @ devtools://devtools/bundled/models/project_settings/project_settings.js:0
[ 1168525ms] [WARNING] No handler registered for issue code PerformanceIssue @ devtools://devtools/bundled/models/issues_manager/issues_manager.js:3
[ 1379798ms] [DEBUG] Could not load project settings for http://localhost:5173/reader: Unexpected token '<', "<!doctype "... is not valid JSON @ devtools://devtools/bundled/models/project_settings/project_settings.js:0
[ 1381682ms] [WARNING] No handler registered for issue code PerformanceIssue @ devtools://devtools/bundled/models/issues_manager/issues_manager.js:3
[ 1423260ms] [DEBUG] Could not load project settings for http://localhost:5173/reader: Unexpected token '<', "<!doctype "... is not valid JSON @ devtools://devtools/bundled/models/project_settings/project_settings.js:0
[ 1425476ms] [WARNING] No handler registered for issue code PerformanceIssue @ devtools://devtools/bundled/models/issues_manager/issues_manager.js:3
[ 1517739ms] [DEBUG] Could not load project settings for http://localhost:5173/reader: Unexpected token '<', "<!doctype "... is not valid JSON @ devtools://devtools/bundled/models/project_settings/project_settings.js:0
[ 1519840ms] [WARNING] No handler registered for issue code PerformanceIssue @ devtools://devtools/bundled/models/issues_manager/issues_manager.js:3
[ 1554574ms] [DEBUG] Could not load project settings for http://localhost:5173/reader: Unexpected token '<', "<!doctype "... is not valid JSON @ devtools://devtools/bundled/models/project_settings/project_settings.js:0
[ 1556747ms] [WARNING] No handler registered for issue code PerformanceIssue @ devtools://devtools/bundled/models/issues_manager/issues_manager.js:3
[ 1563152ms] [DEBUG] Could not load project settings for http://localhost:5173/reader: Unexpected token '<', "<!doctype "... is not valid JSON @ devtools://devtools/bundled/models/project_settings/project_settings.js:0
[ 1565057ms] [WARNING] No handler registered for issue code PerformanceIssue @ devtools://devtools/bundled/models/issues_manager/issues_manager.js:3
[ 1690247ms] [DEBUG] Could not load project settings for http://localhost:5173/reader: Unexpected token '<', "<!doctype "... is not valid JSON @ devtools://devtools/bundled/models/project_settings/project_settings.js:0
[ 1692335ms] [WARNING] No handler registered for issue code PerformanceIssue @ devtools://devtools/bundled/models/issues_manager/issues_manager.js:3
[ 1718494ms] [DEBUG] Could not load project settings for http://localhost:5173/reader: Unexpected token '<', "<!doctype "... is not valid JSON @ devtools://devtools/bundled/models/project_settings/project_settings.js:0
[ 1720413ms] [WARNING] No handler registered for issue code PerformanceIssue @ devtools://devtools/bundled/models/issues_manager/issues_manager.js:3
[ 1829922ms] [DEBUG] Could not load project settings for http://localhost:5173/reader: Unexpected token '<', "<!doctype "... is not valid JSON @ devtools://devtools/bundled/models/project_settings/project_settings.js:0
[ 1831997ms] [WARNING] No handler registered for issue code PerformanceIssue @ devtools://devtools/bundled/models/issues_manager/issues_manager.js:3
[ 1848101ms] [DEBUG] Could not load project settings for http://localhost:5173/reader: Unexpected token '<', "<!doctype "... is not valid JSON @ devtools://devtools/bundled/models/project_settings/project_settings.js:0
[ 1849947ms] [WARNING] No handler registered for issue code PerformanceIssue @ devtools://devtools/bundled/models/issues_manager/issues_manager.js:3
[ 1923280ms] [DEBUG] Could not load project settings for http://localhost:5173/reader: Unexpected token '<', "<!doctype "... is not valid JSON @ devtools://devtools/bundled/models/project_settings/project_settings.js:0
[ 1925126ms] [WARNING] No handler registered for issue code PerformanceIssue @ devtools://devtools/bundled/models/issues_manager/issues_manager.js:3
[ 1932845ms] [DEBUG] Could not load project settings for http://localhost:5173/reader: Unexpected token '<', "<!doctype "... is not valid JSON @ devtools://devtools/bundled/models/project_settings/project_settings.js:0
[ 1934649ms] [WARNING] No handler registered for issue code PerformanceIssue @ devtools://devtools/bundled/models/issues_manager/issues_manager.js:3
[ 2058737ms] [DEBUG] Could not load project settings for http://localhost:5173/reader: Unexpected token '<', "<!doctype "... is not valid JSON @ devtools://devtools/bundled/models/project_settings/project_settings.js:0
[ 2060658ms] [WARNING] No handler registered for issue code PerformanceIssue @ devtools://devtools/bundled/models/issues_manager/issues_manager.js:3
[ 2069553ms] [DEBUG] Could not load project settings for http://localhost:5173/reader: Unexpected token '<', "<!doctype "... is not valid JSON @ devtools://devtools/bundled/models/project_settings/project_settings.js:0
[ 2071452ms] [WARNING] No handler registered for issue code PerformanceIssue @ devtools://devtools/bundled/models/issues_manager/issues_manager.js:3
[ 2092116ms] [DEBUG] Could not load project settings for http://localhost:5173/reader: Unexpected token '<', "<!doctype "... is not valid JSON @ devtools://devtools/bundled/models/project_settings/project_settings.js:0
[ 2094214ms] [WARNING] No handler registered for issue code PerformanceIssue @ devtools://devtools/bundled/models/issues_manager/issues_manager.js:3
[ 2760363ms] [DEBUG] Could not load project settings for http://localhost:5173/reader: Unexpected token '<', "<!doctype "... is not valid JSON @ devtools://devtools/bundled/models/project_settings/project_settings.js:0
[ 2762329ms] [WARNING] No handler registered for issue code PerformanceIssue @ devtools://devtools/bundled/models/issues_manager/issues_manager.js:3
[ 2838938ms] [DEBUG] Could not load project settings for http://localhost:5173/reader: Unexpected token '<', "<!doctype "... is not valid JSON @ devtools://devtools/bundled/models/project_settings/project_settings.js:0
[ 2840685ms] [WARNING] No handler registered for issue code PerformanceIssue @ devtools://devtools/bundled/models/issues_manager/issues_manager.js:3
[ 2854721ms] [DEBUG] Could not load project settings for http://localhost:5173/reader: Unexpected token '<', "<!doctype "... is not valid JSON @ devtools://devtools/bundled/models/project_settings/project_settings.js:0
[ 2856843ms] [WARNING] No handler registered for issue code PerformanceIssue @ devtools://devtools/bundled/models/issues_manager/issues_manager.js:3
[ 2897405ms] [DEBUG] Could not load project settings for http://localhost:5173/reader: Unexpected token '<', "<!doctype "... is not valid JSON @ devtools://devtools/bundled/models/project_settings/project_settings.js:0
[ 2899313ms] [WARNING] No handler registered for issue code PerformanceIssue @ devtools://devtools/bundled/models/issues_manager/issues_manager.js:3
[ 2967836ms] [DEBUG] Could not load project settings for http://localhost:5173/reader: Unexpected token '<', "<!doctype "... is not valid JSON @ devtools://devtools/bundled/models/project_settings/project_settings.js:0
[ 2969862ms] [WARNING] No handler registered for issue code PerformanceIssue @ devtools://devtools/bundled/models/issues_manager/issues_manager.js:3
[ 3014063ms] [DEBUG] Could not load project settings for http://localhost:5173/reader: Unexpected token '<', "<!doctype "... is not valid JSON @ devtools://devtools/bundled/models/project_settings/project_settings.js:0
[ 3016092ms] [WARNING] No handler registered for issue code PerformanceIssue @ devtools://devtools/bundled/models/issues_manager/issues_manager.js:3
[ 3031722ms] [DEBUG] Could not load project settings for http://localhost:5173/reader: Unexpected token '<', "<!doctype "... is not valid JSON @ devtools://devtools/bundled/models/project_settings/project_settings.js:0
[ 3033911ms] [WARNING] No handler registered for issue code PerformanceIssue @ devtools://devtools/bundled/models/issues_manager/issues_manager.js:3
[ 3141906ms] [DEBUG] Could not load project settings for http://localhost:5173/reader: Unexpected token '<', "<!doctype "... is not valid JSON @ devtools://devtools/bundled/models/project_settings/project_settings.js:0
[ 3143879ms] [WARNING] No handler registered for issue code PerformanceIssue @ devtools://devtools/bundled/models/issues_manager/issues_manager.js:3
[ 3202997ms] [DEBUG] Could not load project settings for http://localhost:5173/reader: Unexpected token '<', "<!doctype "... is not valid JSON @ devtools://devtools/bundled/models/project_settings/project_settings.js:0
[ 3205238ms] [WARNING] No handler registered for issue code PerformanceIssue @ devtools://devtools/bundled/models/issues_manager/issues_manager.js:3
[ 3229727ms] [DEBUG] Could not load project settings for http://localhost:5173/reader: Unexpected token '<', "<!doctype "... is not valid JSON @ devtools://devtools/bundled/models/project_settings/project_settings.js:0
[ 3232027ms] [WARNING] No handler registered for issue code PerformanceIssue @ devtools://devtools/bundled/models/issues_manager/issues_manager.js:3
[ 3330866ms] [DEBUG] Could not load project settings for http://localhost:5173/reader: Unexpected token '<', "<!doctype "... is not valid JSON @ devtools://devtools/bundled/models/project_settings/project_settings.js:0
[ 3333100ms] [WARNING] No handler registered for issue code PerformanceIssue @ devtools://devtools/bundled/models/issues_manager/issues_manager.js:3
[ 3367131ms] [DEBUG] Could not load project settings for http://localhost:5173/reader: Unexpected token '<', "<!doctype "... is not valid JSON @ devtools://devtools/bundled/models/project_settings/project_settings.js:0
[ 3369091ms] [WARNING] No handler registered for issue code PerformanceIssue @ devtools://devtools/bundled/models/issues_manager/issues_manager.js:3
[ 3605227ms] [DEBUG] Could not load project settings for http://localhost:5173/reader: Unexpected token '<', "<!doctype "... is not valid JSON @ devtools://devtools/bundled/models/project_settings/project_settings.js:0
[ 3607127ms] [WARNING] No handler registered for issue code PerformanceIssue @ devtools://devtools/bundled/models/issues_manager/issues_manager.js:3
[ 3634315ms] [DEBUG] Could not load project settings for http://localhost:5173/reader: Unexpected token '<', "<!doctype "... is not valid JSON @ devtools://devtools/bundled/models/project_settings/project_settings.js:0
[ 3636378ms] [WARNING] No handler registered for issue code PerformanceIssue @ devtools://devtools/bundled/models/issues_manager/issues_manager.js:3
