[       2ms] [LOG] [Bridge] Annotations 0 (editors:0) types: {} @ http://localhost:5173/pdfjs/web/viewer.html?file=%2Fapi%2Fv1%2Fpdf%2Ffiles%2F1%2Fdownload&disableAutoFetch=true:124
[     411ms] [DEBUG] [vite] connecting... @ http://localhost:5173/@vite/client:826
[     741ms] [INFO] %cDownload the React DevTools for a better development experience: https://react.dev/link/react-devtools font-weight:bold @ http://localhost:5173/node_modules/.vite/deps/client-BSgB15i-.js?v=a7a6b06a:14337
[    1034ms] [ERROR] Warning: [antd: Drawer] `width` is deprecated. Please use `size` instead. @ http://localhost:5173/@vite/client:509
[    1036ms] [ERROR] Warning: [antd: Modal] `destroyOnClose` is deprecated. Please use `destroyOnHidden` instead. @ http://localhost:5173/@vite/client:509
[    1174ms] [DEBUG] [vite] connected. @ http://localhost:5173/@vite/client:930
[    7027ms] [LOG] [Bridge] Script loaded inline @ http://localhost:5173/pdfjs/web/viewer.html?file=%2Fapi%2Fv1%2Fpdf%2Ffiles%2F1%2Fdownload&disableAutoFetch=true:50
[    7028ms] [LOG] [PDF] postMessage: bridge-loaded @ http://localhost:5173/src/components/pdf/PdfViewer.tsx?t=1780743746449:22
[    7104ms] [VERBOSE] [DOM] Password field is not contained in a form: (More info: https://goo.gl/9p2vKq) %o @ http://localhost:5173/pdfjs/web/viewer.html?file=%2Fapi%2Fv1%2Fpdf%2Ffiles%2F1%2Fdownload&disableAutoFetch=true:0
[    7571ms] [LOG] [Bridge] Hooked @ http://localhost:5173/pdfjs/web/viewer.html?file=%2Fapi%2Fv1%2Fpdf%2Ffiles%2F1%2Fdownload&disableAutoFetch=true:60
[    7592ms] [LOG] [PDF] postMessage: bridge-hooked @ http://localhost:5173/src/components/pdf/PdfViewer.tsx?t=1780743746449:22
[    7592ms] [LOG] [PDF] Bridge hooked, fetching saved annotations... @ http://localhost:5173/src/components/pdf/PdfViewer.tsx?t=1780743746449:25
[    7593ms] [LOG] PDF d0f0da07a0da38dd52a483edd7fc225b [1.4 calibre 2.79.1 [https://calibre-ebook.com] / calibre 2.79.1 [https://calibre-ebook.com]] (PDF.js: 6.0.227 [241dbabbf]) @ http://localhost:5173/pdfjs/web/viewer.mjs:19330
[    7626ms] [LOG] [PDF] Restoring 6 annotations @ http://localhost:5173/src/components/pdf/PdfViewer.tsx?t=1780743746449:31
[    7629ms] [LOG] [Bridge] Restoring 6 annotations @ http://localhost:5173/pdfjs/web/viewer.html?file=%2Fapi%2Fv1%2Fpdf%2Ffiles%2F1%2Fdownload&disableAutoFetch=true:67
[    7629ms] [LOG] [Bridge] Restored 0 annotations @ http://localhost:5173/pdfjs/web/viewer.html?file=%2Fapi%2Fv1%2Fpdf%2Ffiles%2F1%2Fdownload&disableAutoFetch=true:84
[   10577ms] [LOG] [Bridge] Annotations 0 (editors:0) types: {} @ http://localhost:5173/pdfjs/web/viewer.html?file=%2Fapi%2Fv1%2Fpdf%2Ffiles%2F1%2Fdownload&disableAutoFetch=true:124
[   13586ms] [LOG] [Bridge] Annotations 0 (editors:0) types: {} @ http://localhost:5173/pdfjs/web/viewer.html?file=%2Fapi%2Fv1%2Fpdf%2Ffiles%2F1%2Fdownload&disableAutoFetch=true:124
[   16582ms] [LOG] [Bridge] Annotations 0 (editors:0) types: {} @ http://localhost:5173/pdfjs/web/viewer.html?file=%2Fapi%2Fv1%2Fpdf%2Ffiles%2F1%2Fdownload&disableAutoFetch=true:124
[   19573ms] [LOG] [Bridge] Annotations 0 (editors:0) types: {} @ http://localhost:5173/pdfjs/web/viewer.html?file=%2Fapi%2Fv1%2Fpdf%2Ffiles%2F1%2Fdownload&disableAutoFetch=true:124
[   22581ms] [LOG] [Bridge] Annotations 0 (editors:0) types: {} @ http://localhost:5173/pdfjs/web/viewer.html?file=%2Fapi%2Fv1%2Fpdf%2Ffiles%2F1%2Fdownload&disableAutoFetch=true:124
[   25572ms] [LOG] [Bridge] Annotations 0 (editors:0) types: {} @ http://localhost:5173/pdfjs/web/viewer.html?file=%2Fapi%2Fv1%2Fpdf%2Ffiles%2F1%2Fdownload&disableAutoFetch=true:124
[   28575ms] [LOG] [Bridge] Annotations 0 (editors:0) types: {} @ http://localhost:5173/pdfjs/web/viewer.html?file=%2Fapi%2Fv1%2Fpdf%2Ffiles%2F1%2Fdownload&disableAutoFetch=true:124
[   31581ms] [LOG] [Bridge] Annotations 0 (editors:0) types: {} @ http://localhost:5173/pdfjs/web/viewer.html?file=%2Fapi%2Fv1%2Fpdf%2Ffiles%2F1%2Fdownload&disableAutoFetch=true:124
[   34573ms] [LOG] [Bridge] Annotations 0 (editors:0) types: {} @ http://localhost:5173/pdfjs/web/viewer.html?file=%2Fapi%2Fv1%2Fpdf%2Ffiles%2F1%2Fdownload&disableAutoFetch=true:124
[   37574ms] [LOG] [Bridge] Annotations 0 (editors:0) types: {} @ http://localhost:5173/pdfjs/web/viewer.html?file=%2Fapi%2Fv1%2Fpdf%2Ffiles%2F1%2Fdownload&disableAutoFetch=true:124
[   40580ms] [LOG] [Bridge] Annotations 0 (editors:0) types: {} @ http://localhost:5173/pdfjs/web/viewer.html?file=%2Fapi%2Fv1%2Fpdf%2Ffiles%2F1%2Fdownload&disableAutoFetch=true:124
[   43579ms] [LOG] [Bridge] Annotations 0 (editors:0) types: {} @ http://localhost:5173/pdfjs/web/viewer.html?file=%2Fapi%2Fv1%2Fpdf%2Ffiles%2F1%2Fdownload&disableAutoFetch=true:124
[   46576ms] [LOG] [Bridge] Annotations 0 (editors:0) types: {} @ http://localhost:5173/pdfjs/web/viewer.html?file=%2Fapi%2Fv1%2Fpdf%2Ffiles%2F1%2Fdownload&disableAutoFetch=true:124
[   49573ms] [LOG] [Bridge] Annotations 0 (editors:0) types: {} @ http://localhost:5173/pdfjs/web/viewer.html?file=%2Fapi%2Fv1%2Fpdf%2Ffiles%2F1%2Fdownload&disableAutoFetch=true:124
[   49757ms] [LOG] [PDF] postMessage: pdf-page-change @ http://localhost:5173/src/components/pdf/PdfViewer.tsx?t=1780743746449:22
[   50087ms] [LOG] [PDF] postMessage: pdf-page-change @ http://localhost:5173/src/components/pdf/PdfViewer.tsx?t=1780743746449:22
[   52579ms] [LOG] [Bridge] Annotations 0 (editors:0) types: {} @ http://localhost:5173/pdfjs/web/viewer.html?file=%2Fapi%2Fv1%2Fpdf%2Ffiles%2F1%2Fdownload&disableAutoFetch=true:124
[   55576ms] [LOG] [Bridge] Annotations 0 (editors:0) types: {} @ http://localhost:5173/pdfjs/web/viewer.html?file=%2Fapi%2Fv1%2Fpdf%2Ffiles%2F1%2Fdownload&disableAutoFetch=true:124
[   58581ms] [LOG] [Bridge] Annotations 0 (editors:0) types: {} @ http://localhost:5173/pdfjs/web/viewer.html?file=%2Fapi%2Fv1%2Fpdf%2Ffiles%2F1%2Fdownload&disableAutoFetch=true:124
[   61575ms] [LOG] [Bridge] Annotations 0 (editors:0) types: {} @ http://localhost:5173/pdfjs/web/viewer.html?file=%2Fapi%2Fv1%2Fpdf%2Ffiles%2F1%2Fdownload&disableAutoFetch=true:124
[   64587ms] [LOG] [Bridge] Annotations 0 (editors:0) types: {} @ http://localhost:5173/pdfjs/web/viewer.html?file=%2Fapi%2Fv1%2Fpdf%2Ffiles%2F1%2Fdownload&disableAutoFetch=true:124
[   67577ms] [LOG] [Bridge] Annotations 0 (editors:0) types: {} @ http://localhost:5173/pdfjs/web/viewer.html?file=%2Fapi%2Fv1%2Fpdf%2Ffiles%2F1%2Fdownload&disableAutoFetch=true:124
[   70577ms] [LOG] [Bridge] Annotations 0 (editors:0) types: {} @ http://localhost:5173/pdfjs/web/viewer.html?file=%2Fapi%2Fv1%2Fpdf%2Ffiles%2F1%2Fdownload&disableAutoFetch=true:124
[   73575ms] [LOG] [Bridge] Annotations 0 (editors:0) types: {"highlight":1} @ http://localhost:5173/pdfjs/web/viewer.html?file=%2Fapi%2Fv1%2Fpdf%2Ffiles%2F1%2Fdownload&disableAutoFetch=true:124
[   76584ms] [LOG] [Bridge] Annotations 0 (editors:0) types: {"highlight":1} @ http://localhost:5173/pdfjs/web/viewer.html?file=%2Fapi%2Fv1%2Fpdf%2Ffiles%2F1%2Fdownload&disableAutoFetch=true:124
[   79575ms] [LOG] [Bridge] Annotations 0 (editors:0) types: {"highlight":1} @ http://localhost:5173/pdfjs/web/viewer.html?file=%2Fapi%2Fv1%2Fpdf%2Ffiles%2F1%2Fdownload&disableAutoFetch=true:124
[   82584ms] [LOG] [Bridge] Annotations 0 (editors:0) types: {"highlight":1} @ http://localhost:5173/pdfjs/web/viewer.html?file=%2Fapi%2Fv1%2Fpdf%2Ffiles%2F1%2Fdownload&disableAutoFetch=true:124
[   85576ms] [LOG] [Bridge] Annotations 0 (editors:0) types: {"highlight":1} @ http://localhost:5173/pdfjs/web/viewer.html?file=%2Fapi%2Fv1%2Fpdf%2Ffiles%2F1%2Fdownload&disableAutoFetch=true:124
[   88580ms] [LOG] [Bridge] Annotations 0 (editors:0) types: {"highlight":1} @ http://localhost:5173/pdfjs/web/viewer.html?file=%2Fapi%2Fv1%2Fpdf%2Ffiles%2F1%2Fdownload&disableAutoFetch=true:124
[   91574ms] [LOG] [Bridge] Annotations 0 (editors:0) types: {"highlight":1} @ http://localhost:5173/pdfjs/web/viewer.html?file=%2Fapi%2Fv1%2Fpdf%2Ffiles%2F1%2Fdownload&disableAutoFetch=true:124
[   94580ms] [LOG] [Bridge] Annotations 0 (editors:0) types: {"highlight":1} @ http://localhost:5173/pdfjs/web/viewer.html?file=%2Fapi%2Fv1%2Fpdf%2Ffiles%2F1%2Fdownload&disableAutoFetch=true:124
[   97573ms] [LOG] [Bridge] Annotations 0 (editors:0) types: {"highlight":1} @ http://localhost:5173/pdfjs/web/viewer.html?file=%2Fapi%2Fv1%2Fpdf%2Ffiles%2F1%2Fdownload&disableAutoFetch=true:124
[  100583ms] [LOG] [Bridge] Annotations 0 (editors:0) types: {"highlight":1} @ http://localhost:5173/pdfjs/web/viewer.html?file=%2Fapi%2Fv1%2Fpdf%2Ffiles%2F1%2Fdownload&disableAutoFetch=true:124
[  103586ms] [LOG] [Bridge] Annotations 0 (editors:0) types: {"highlight":1} @ http://localhost:5173/pdfjs/web/viewer.html?file=%2Fapi%2Fv1%2Fpdf%2Ffiles%2F1%2Fdownload&disableAutoFetch=true:124
[  106579ms] [LOG] [Bridge] Annotations 0 (editors:0) types: {"highlight":1} @ http://localhost:5173/pdfjs/web/viewer.html?file=%2Fapi%2Fv1%2Fpdf%2Ffiles%2F1%2Fdownload&disableAutoFetch=true:124
